Determining if the pthread_create exist failed with the following output:
Change Dir: /home/rvy/NTRTsim/OpenSceneGraph/CMakeFiles/CMakeTmp

Run Build Command:"/usr/bin/make" "cmTC_a0485/fast"
/usr/bin/make -f CMakeFiles/cmTC_a0485.dir/build.make CMakeFiles/cmTC_a0485.dir/build
make[1]: Entering directory '/home/rvy/NTRTsim/OpenSceneGraph/CMakeFiles/CMakeTmp'
Building C object CMakeFiles/cmTC_a0485.dir/CheckSymbolExists.c.o
/usr/bin/cc     -o CMakeFiles/cmTC_a0485.dir/CheckSymbolExists.c.o   -c /home/rvy/NTRTsim/OpenSceneGraph/CMakeFiles/CMakeTmp/CheckSymbolExists.c
Linking C executable cmTC_a0485
/usr/bin/cmake -E cmake_link_script CMakeFiles/cmTC_a0485.dir/link.txt --verbose=1
/usr/bin/cc       CMakeFiles/cmTC_a0485.dir/CheckSymbolExists.c.o  -o cmTC_a0485 -rdynamic 
CMakeFiles/cmTC_a0485.dir/CheckSymbolExists.c.o: In function `main':
CheckSymbolExists.c:(.text+0x16): undefined reference to `pthread_create'
collect2: error: ld returned 1 exit status
CMakeFiles/cmTC_a0485.dir/build.make:97: recipe for target 'cmTC_a0485' failed
make[1]: *** [cmTC_a0485] Error 1
make[1]: Leaving directory '/home/rvy/NTRTsim/OpenSceneGraph/CMakeFiles/CMakeTmp'
Makefile:126: recipe for target 'cmTC_a0485/fast' failed
make: *** [cmTC_a0485/fast] Error 2

File /home/rvy/NTRTsim/OpenSceneGraph/CMakeFiles/CMakeTmp/CheckSymbolExists.c:
/* */
#include <pthread.h>

int main(int argc, char** argv)
{
  (void)argv;
#ifndef pthread_create
  return ((int*)(&pthread_create))[argc];
#else
  (void)argc;
  return 0;
#endif
}

Determining if the function pthread_create exists in the pthreads failed with the following output:
Change Dir: /home/rvy/NTRTsim/OpenSceneGraph/CMakeFiles/CMakeTmp

Run Build Command:"/usr/bin/make" "cmTC_9ac39/fast"
/usr/bin/make -f CMakeFiles/cmTC_9ac39.dir/build.make CMakeFiles/cmTC_9ac39.dir/build
make[1]: Entering directory '/home/rvy/NTRTsim/OpenSceneGraph/CMakeFiles/CMakeTmp'
Building C object CMakeFiles/cmTC_9ac39.dir/CheckFunctionExists.c.o
/usr/bin/cc    -DCHECK_FUNCTION_EXISTS=pthread_create   -o CMakeFiles/cmTC_9ac39.dir/CheckFunctionExists.c.o   -c /usr/share/cmake-3.5/Modules/CheckFunctionExists.c
Linking C executable cmTC_9ac39
/usr/bin/cmake -E cmake_link_script CMakeFiles/cmTC_9ac39.dir/link.txt --verbose=1
/usr/bin/cc   -DCHECK_FUNCTION_EXISTS=pthread_create    CMakeFiles/cmTC_9ac39.dir/CheckFunctionExists.c.o  -o cmTC_9ac39 -rdynamic -lpthreads 
/usr/bin/ld: cannot find -lpthreads
collect2: error: ld returned 1 exit status
CMakeFiles/cmTC_9ac39.dir/build.make:97: recipe for target 'cmTC_9ac39' failed
make[1]: *** [cmTC_9ac39] Error 1
make[1]: Leaving directory '/home/rvy/NTRTsim/OpenSceneGraph/CMakeFiles/CMakeTmp'
Makefile:126: recipe for target 'cmTC_9ac39/fast' failed
make: *** [cmTC_9ac39/fast] Error 2


Performing C++ SOURCE FILE Test _OPENTHREADS_ATOMIC_USE_MIPOSPRO_BUILTINS failed with the following output:
Change Dir: /home/rvy/NTRTsim/OpenSceneGraph/CMakeFiles/CMakeTmp

Run Build Command:"/usr/bin/make" "cmTC_4e64f/fast"
/usr/bin/make -f CMakeFiles/cmTC_4e64f.dir/build.make CMakeFiles/cmTC_4e64f.dir/build
make[1]: Entering directory '/home/rvy/NTRTsim/OpenSceneGraph/CMakeFiles/CMakeTmp'
Building CXX object CMakeFiles/cmTC_4e64f.dir/src.cxx.o
/usr/bin/c++     -Wall -Wparentheses -Wno-long-long -Wno-import -pedantic -Wreturn-type -Wmissing-braces -Wunknown-pragmas -Wunused -Wmaybe-uninitialized -Wextra -Wshadow -D_OPENTHREADS_ATOMIC_USE_MIPOSPRO_BUILTINS   -o CMakeFiles/cmTC_4e64f.dir/src.cxx.o -c /home/rvy/NTRTsim/OpenSceneGraph/CMakeFiles/CMakeTmp/src.cxx
/home/rvy/NTRTsim/OpenSceneGraph/CMakeFiles/CMakeTmp/src.cxx: In function ‘int main(int, const char**)’:
/home/rvy/NTRTsim/OpenSceneGraph/CMakeFiles/CMakeTmp/src.cxx:8:36: error: ‘__add_and_fetch’ was not declared in this scope
           __add_and_fetch(&value, 1);
                                    ^
/home/rvy/NTRTsim/OpenSceneGraph/CMakeFiles/CMakeTmp/src.cxx:9:30: error: ‘__synchronize’ was not declared in this scope
           __synchronize(value);
                              ^
/home/rvy/NTRTsim/OpenSceneGraph/CMakeFiles/CMakeTmp/src.cxx:10:36: error: ‘__sub_and_fetch’ was not declared in this scope
           __sub_and_fetch(&value, 1);
                                    ^
/home/rvy/NTRTsim/OpenSceneGraph/CMakeFiles/CMakeTmp/src.cxx:11:47: error: ‘__compare_and_swap’ was not declared in this scope
           if (!__compare_and_swap(&value, 0, 1))
                                               ^
/home/rvy/NTRTsim/OpenSceneGraph/CMakeFiles/CMakeTmp/src.cxx:14:95: error: ‘__compare_and_swap’ was not declared in this scope
           if (!__compare_and_swap((unsigned long*)&ptr, (unsigned long)ptr, (unsigned long)ptr))
                                                                                               ^
CMakeFiles/cmTC_4e64f.dir/build.make:65: recipe for target 'CMakeFiles/cmTC_4e64f.dir/src.cxx.o' failed
make[1]: *** [CMakeFiles/cmTC_4e64f.dir/src.cxx.o] Error 1
make[1]: Leaving directory '/home/rvy/NTRTsim/OpenSceneGraph/CMakeFiles/CMakeTmp'
Makefile:126: recipe for target 'cmTC_4e64f/fast' failed
make: *** [cmTC_4e64f/fast] Error 2

Return value: 1
Source file was:

       #include <stdlib.h>

       int main(int, const char**)
       {
          unsigned value = 0;
          void* ptr = &value;
          __add_and_fetch(&value, 1);
          __synchronize(value);
          __sub_and_fetch(&value, 1);
          if (!__compare_and_swap(&value, 0, 1))
             return EXIT_FAILURE;

          if (!__compare_and_swap((unsigned long*)&ptr, (unsigned long)ptr, (unsigned long)ptr))
             return EXIT_FAILURE;

          return EXIT_SUCCESS;
       }
       
Performing C++ SOURCE FILE Test _OPENTHREADS_ATOMIC_USE_SUN failed with the following output:
Change Dir: /home/rvy/NTRTsim/OpenSceneGraph/CMakeFiles/CMakeTmp

Run Build Command:"/usr/bin/make" "cmTC_86c34/fast"
/usr/bin/make -f CMakeFiles/cmTC_86c34.dir/build.make CMakeFiles/cmTC_86c34.dir/build
make[1]: Entering directory '/home/rvy/NTRTsim/OpenSceneGraph/CMakeFiles/CMakeTmp'
Building CXX object CMakeFiles/cmTC_86c34.dir/src.cxx.o
/usr/bin/c++     -Wall -Wparentheses -Wno-long-long -Wno-import -pedantic -Wreturn-type -Wmissing-braces -Wunknown-pragmas -Wunused -Wmaybe-uninitialized -Wextra -Wshadow -D_OPENTHREADS_ATOMIC_USE_SUN   -o CMakeFiles/cmTC_86c34.dir/src.cxx.o -c /home/rvy/NTRTsim/OpenSceneGraph/CMakeFiles/CMakeTmp/src.cxx
/home/rvy/NTRTsim/OpenSceneGraph/CMakeFiles/CMakeTmp/src.cxx:2:27: fatal error: atomic.h: No such file or directory
compilation terminated.
CMakeFiles/cmTC_86c34.dir/build.make:65: recipe for target 'CMakeFiles/cmTC_86c34.dir/src.cxx.o' failed
make[1]: *** [CMakeFiles/cmTC_86c34.dir/src.cxx.o] Error 1
make[1]: Leaving directory '/home/rvy/NTRTsim/OpenSceneGraph/CMakeFiles/CMakeTmp'
Makefile:126: recipe for target 'cmTC_86c34/fast' failed
make: *** [cmTC_86c34/fast] Error 2

Return value: 1
Source file was:

       #include <atomic.h>
       #include <cstdlib>

       int main(int, const char**)
       {
          uint_t value = 0;
          void* ptr = &value;
          atomic_inc_uint_nv(&value);
          membar_consumer();
          atomic_dec_uint_nv(&value);
          if (0 != atomic_cas_uint(&value, 0, 1))
             return EXIT_FAILURE;

          if (ptr != atomic_cas_ptr(&ptr, ptr, ptr))
             return EXIT_FAILURE;

          return EXIT_SUCCESS;
       }
       
Performing C++ SOURCE FILE Test _OPENTHREADS_ATOMIC_USE_WIN32_INTERLOCKED failed with the following output:
Change Dir: /home/rvy/NTRTsim/OpenSceneGraph/CMakeFiles/CMakeTmp

Run Build Command:"/usr/bin/make" "cmTC_ffe3d/fast"
/usr/bin/make -f CMakeFiles/cmTC_ffe3d.dir/build.make CMakeFiles/cmTC_ffe3d.dir/build
make[1]: Entering directory '/home/rvy/NTRTsim/OpenSceneGraph/CMakeFiles/CMakeTmp'
Building CXX object CMakeFiles/cmTC_ffe3d.dir/src.cxx.o
/usr/bin/c++     -Wall -Wparentheses -Wno-long-long -Wno-import -pedantic -Wreturn-type -Wmissing-braces -Wunknown-pragmas -Wunused -Wmaybe-uninitialized -Wextra -Wshadow -D_OPENTHREADS_ATOMIC_USE_WIN32_INTERLOCKED   -o CMakeFiles/cmTC_ffe3d.dir/src.cxx.o -c /home/rvy/NTRTsim/OpenSceneGraph/CMakeFiles/CMakeTmp/src.cxx
/home/rvy/NTRTsim/OpenSceneGraph/CMakeFiles/CMakeTmp/src.cxx:2:28: fatal error: windows.h: No such file or directory
compilation terminated.
CMakeFiles/cmTC_ffe3d.dir/build.make:65: recipe for target 'CMakeFiles/cmTC_ffe3d.dir/src.cxx.o' failed
make[1]: *** [CMakeFiles/cmTC_ffe3d.dir/src.cxx.o] Error 1
make[1]: Leaving directory '/home/rvy/NTRTsim/OpenSceneGraph/CMakeFiles/CMakeTmp'
Makefile:126: recipe for target 'cmTC_ffe3d/fast' failed
make: *** [cmTC_ffe3d/fast] Error 2

Return value: 1
Source file was:

       #include <windows.h>
       #include <intrin.h>
       #include <cstdlib>

       #pragma intrinsic(_InterlockedAnd)
       #pragma intrinsic(_InterlockedOr)
       #pragma intrinsic(_InterlockedXor)

       int main(int, const char**)
       {
          volatile long value = 0;
          long data = 0;
          long* volatile ptr = &data;

          InterlockedIncrement(&value);
          MemoryBarrier();
          InterlockedDecrement(&value);

          if (0 != InterlockedCompareExchange(&value, 1, 0))
             return EXIT_FAILURE;

          if (ptr != InterlockedCompareExchangePointer((PVOID volatile*)&ptr, (PVOID)ptr, (PVOID)ptr))
             return EXIT_FAILURE;

          return EXIT_SUCCESS;
       }
       
Performing C++ SOURCE FILE Test _OPENTHREADS_ATOMIC_USE_BSD_ATOMIC failed with the following output:
Change Dir: /home/rvy/NTRTsim/OpenSceneGraph/CMakeFiles/CMakeTmp

Run Build Command:"/usr/bin/make" "cmTC_ee859/fast"
/usr/bin/make -f CMakeFiles/cmTC_ee859.dir/build.make CMakeFiles/cmTC_ee859.dir/build
make[1]: Entering directory '/home/rvy/NTRTsim/OpenSceneGraph/CMakeFiles/CMakeTmp'
Building CXX object CMakeFiles/cmTC_ee859.dir/src.cxx.o
/usr/bin/c++     -Wall -Wparentheses -Wno-long-long -Wno-import -pedantic -Wreturn-type -Wmissing-braces -Wunknown-pragmas -Wunused -Wmaybe-uninitialized -Wextra -Wshadow -D_OPENTHREADS_ATOMIC_USE_BSD_ATOMIC   -o CMakeFiles/cmTC_ee859.dir/src.cxx.o -c /home/rvy/NTRTsim/OpenSceneGraph/CMakeFiles/CMakeTmp/src.cxx
/home/rvy/NTRTsim/OpenSceneGraph/CMakeFiles/CMakeTmp/src.cxx:2:37: fatal error: libkern/OSAtomic.h: No such file or directory
compilation terminated.
CMakeFiles/cmTC_ee859.dir/build.make:65: recipe for target 'CMakeFiles/cmTC_ee859.dir/src.cxx.o' failed
make[1]: *** [CMakeFiles/cmTC_ee859.dir/src.cxx.o] Error 1
make[1]: Leaving directory '/home/rvy/NTRTsim/OpenSceneGraph/CMakeFiles/CMakeTmp'
Makefile:126: recipe for target 'cmTC_ee859/fast' failed
make: *** [cmTC_ee859/fast] Error 2

Return value: 1
Source file was:

       #include <libkern/OSAtomic.h>

       int main()
       {
         volatile int32_t value = 0;
         long data = 0;
         long * volatile ptr = &data;

         OSAtomicIncrement32(&value);
         OSMemoryBarrier();
         OSAtomicDecrement32(&value);
         OSAtomicCompareAndSwapInt(value, 1, &value);
         OSAtomicCompareAndSwapPtr(ptr, ptr, (void * volatile *)&ptr);
       }
       
Determining if the function socket exists in the socket failed with the following output:
Change Dir: /home/rvy/NTRTsim/OpenSceneGraph/CMakeFiles/CMakeTmp

Run Build Command:"/usr/bin/make" "cmTC_29fad/fast"
/usr/bin/make -f CMakeFiles/cmTC_29fad.dir/build.make CMakeFiles/cmTC_29fad.dir/build
make[1]: Entering directory '/home/rvy/NTRTsim/OpenSceneGraph/CMakeFiles/CMakeTmp'
Building C object CMakeFiles/cmTC_29fad.dir/CheckFunctionExists.c.o
/usr/bin/cc    -DCHECK_FUNCTION_EXISTS=socket   -o CMakeFiles/cmTC_29fad.dir/CheckFunctionExists.c.o   -c /usr/share/cmake-3.5/Modules/CheckFunctionExists.c
Linking C executable cmTC_29fad
/usr/bin/cmake -E cmake_link_script CMakeFiles/cmTC_29fad.dir/link.txt --verbose=1
/usr/bin/cc   -DCHECK_FUNCTION_EXISTS=socket    CMakeFiles/cmTC_29fad.dir/CheckFunctionExists.c.o  -o cmTC_29fad -rdynamic -lsocket 
/usr/bin/ld: cannot find -lsocket
collect2: error: ld returned 1 exit status
CMakeFiles/cmTC_29fad.dir/build.make:97: recipe for target 'cmTC_29fad' failed
make[1]: *** [cmTC_29fad] Error 1
make[1]: Leaving directory '/home/rvy/NTRTsim/OpenSceneGraph/CMakeFiles/CMakeTmp'
Makefile:126: recipe for target 'cmTC_29fad/fast' failed
make: *** [cmTC_29fad/fast] Error 2


Determining if the pthread_create exist failed with the following output:
Change Dir: /home/robin/NTRTsim/OpenSceneGraph/CMakeFiles/CMakeTmp

Run Build Command:"/usr/bin/make" "cmTC_3faf4/fast"
/usr/bin/make -f CMakeFiles/cmTC_3faf4.dir/build.make CMakeFiles/cmTC_3faf4.dir/build
make[1]: Entering directory '/home/robin/NTRTsim/OpenSceneGraph/CMakeFiles/CMakeTmp'
Building C object CMakeFiles/cmTC_3faf4.dir/CheckSymbolExists.c.o
/usr/bin/cc     -o CMakeFiles/cmTC_3faf4.dir/CheckSymbolExists.c.o   -c /home/robin/NTRTsim/OpenSceneGraph/CMakeFiles/CMakeTmp/CheckSymbolExists.c
Linking C executable cmTC_3faf4
/usr/bin/cmake -E cmake_link_script CMakeFiles/cmTC_3faf4.dir/link.txt --verbose=1
/usr/bin/cc       CMakeFiles/cmTC_3faf4.dir/CheckSymbolExists.c.o  -o cmTC_3faf4 -rdynamic 
CMakeFiles/cmTC_3faf4.dir/CheckSymbolExists.c.o: In function `main':
CheckSymbolExists.c:(.text+0x16): undefined reference to `pthread_create'
collect2: error: ld returned 1 exit status
CMakeFiles/cmTC_3faf4.dir/build.make:97: recipe for target 'cmTC_3faf4' failed
make[1]: *** [cmTC_3faf4] Error 1
make[1]: Leaving directory '/home/robin/NTRTsim/OpenSceneGraph/CMakeFiles/CMakeTmp'
Makefile:126: recipe for target 'cmTC_3faf4/fast' failed
make: *** [cmTC_3faf4/fast] Error 2

File /home/robin/NTRTsim/OpenSceneGraph/CMakeFiles/CMakeTmp/CheckSymbolExists.c:
/* */
#include <pthread.h>

int main(int argc, char** argv)
{
  (void)argv;
#ifndef pthread_create
  return ((int*)(&pthread_create))[argc];
#else
  (void)argc;
  return 0;
#endif
}

Determining if the function pthread_create exists in the pthreads failed with the following output:
Change Dir: /home/robin/NTRTsim/OpenSceneGraph/CMakeFiles/CMakeTmp

Run Build Command:"/usr/bin/make" "cmTC_abb6c/fast"
/usr/bin/make -f CMakeFiles/cmTC_abb6c.dir/build.make CMakeFiles/cmTC_abb6c.dir/build
make[1]: Entering directory '/home/robin/NTRTsim/OpenSceneGraph/CMakeFiles/CMakeTmp'
Building C object CMakeFiles/cmTC_abb6c.dir/CheckFunctionExists.c.o
/usr/bin/cc    -DCHECK_FUNCTION_EXISTS=pthread_create   -o CMakeFiles/cmTC_abb6c.dir/CheckFunctionExists.c.o   -c /usr/share/cmake-3.5/Modules/CheckFunctionExists.c
Linking C executable cmTC_abb6c
/usr/bin/cmake -E cmake_link_script CMakeFiles/cmTC_abb6c.dir/link.txt --verbose=1
/usr/bin/cc   -DCHECK_FUNCTION_EXISTS=pthread_create    CMakeFiles/cmTC_abb6c.dir/CheckFunctionExists.c.o  -o cmTC_abb6c -rdynamic -lpthreads 
/usr/bin/ld: cannot find -lpthreads
collect2: error: ld returned 1 exit status
CMakeFiles/cmTC_abb6c.dir/build.make:97: recipe for target 'cmTC_abb6c' failed
make[1]: *** [cmTC_abb6c] Error 1
make[1]: Leaving directory '/home/robin/NTRTsim/OpenSceneGraph/CMakeFiles/CMakeTmp'
Makefile:126: recipe for target 'cmTC_abb6c/fast' failed
make: *** [cmTC_abb6c/fast] Error 2


Performing C++ SOURCE FILE Test _OPENTHREADS_ATOMIC_USE_MIPOSPRO_BUILTINS failed with the following output:
Change Dir: /home/robin/NTRTsim/OpenSceneGraph/CMakeFiles/CMakeTmp

Run Build Command:"/usr/bin/make" "cmTC_6ce00/fast"
/usr/bin/make -f CMakeFiles/cmTC_6ce00.dir/build.make CMakeFiles/cmTC_6ce00.dir/build
make[1]: Entering directory '/home/robin/NTRTsim/OpenSceneGraph/CMakeFiles/CMakeTmp'
Building CXX object CMakeFiles/cmTC_6ce00.dir/src.cxx.o
/usr/bin/c++     -Wall -Wparentheses -Wno-long-long -Wno-import -pedantic -Wreturn-type -Wmissing-braces -Wunknown-pragmas -Wunused -Wmaybe-uninitialized -Wextra -Wshadow -D_OPENTHREADS_ATOMIC_USE_MIPOSPRO_BUILTINS   -o CMakeFiles/cmTC_6ce00.dir/src.cxx.o -c /home/robin/NTRTsim/OpenSceneGraph/CMakeFiles/CMakeTmp/src.cxx
/home/robin/NTRTsim/OpenSceneGraph/CMakeFiles/CMakeTmp/src.cxx: In function ‘int main(int, const char**)’:
/home/robin/NTRTsim/OpenSceneGraph/CMakeFiles/CMakeTmp/src.cxx:8:36: error: ‘__add_and_fetch’ was not declared in this scope
           __add_and_fetch(&value, 1);
                                    ^
/home/robin/NTRTsim/OpenSceneGraph/CMakeFiles/CMakeTmp/src.cxx:9:30: error: ‘__synchronize’ was not declared in this scope
           __synchronize(value);
                              ^
/home/robin/NTRTsim/OpenSceneGraph/CMakeFiles/CMakeTmp/src.cxx:10:36: error: ‘__sub_and_fetch’ was not declared in this scope
           __sub_and_fetch(&value, 1);
                                    ^
/home/robin/NTRTsim/OpenSceneGraph/CMakeFiles/CMakeTmp/src.cxx:11:47: error: ‘__compare_and_swap’ was not declared in this scope
           if (!__compare_and_swap(&value, 0, 1))
                                               ^
/home/robin/NTRTsim/OpenSceneGraph/CMakeFiles/CMakeTmp/src.cxx:14:95: error: ‘__compare_and_swap’ was not declared in this scope
           if (!__compare_and_swap((unsigned long*)&ptr, (unsigned long)ptr, (unsigned long)ptr))
                                                                                               ^
CMakeFiles/cmTC_6ce00.dir/build.make:65: recipe for target 'CMakeFiles/cmTC_6ce00.dir/src.cxx.o' failed
make[1]: *** [CMakeFiles/cmTC_6ce00.dir/src.cxx.o] Error 1
make[1]: Leaving directory '/home/robin/NTRTsim/OpenSceneGraph/CMakeFiles/CMakeTmp'
Makefile:126: recipe for target 'cmTC_6ce00/fast' failed
make: *** [cmTC_6ce00/fast] Error 2

Return value: 1
Source file was:

       #include <stdlib.h>

       int main(int, const char**)
       {
          unsigned value = 0;
          void* ptr = &value;
          __add_and_fetch(&value, 1);
          __synchronize(value);
          __sub_and_fetch(&value, 1);
          if (!__compare_and_swap(&value, 0, 1))
             return EXIT_FAILURE;

          if (!__compare_and_swap((unsigned long*)&ptr, (unsigned long)ptr, (unsigned long)ptr))
             return EXIT_FAILURE;

          return EXIT_SUCCESS;
       }
       
Performing C++ SOURCE FILE Test _OPENTHREADS_ATOMIC_USE_SUN failed with the following output:
Change Dir: /home/robin/NTRTsim/OpenSceneGraph/CMakeFiles/CMakeTmp

Run Build Command:"/usr/bin/make" "cmTC_982b5/fast"
/usr/bin/make -f CMakeFiles/cmTC_982b5.dir/build.make CMakeFiles/cmTC_982b5.dir/build
make[1]: Entering directory '/home/robin/NTRTsim/OpenSceneGraph/CMakeFiles/CMakeTmp'
Building CXX object CMakeFiles/cmTC_982b5.dir/src.cxx.o
/usr/bin/c++     -Wall -Wparentheses -Wno-long-long -Wno-import -pedantic -Wreturn-type -Wmissing-braces -Wunknown-pragmas -Wunused -Wmaybe-uninitialized -Wextra -Wshadow -D_OPENTHREADS_ATOMIC_USE_SUN   -o CMakeFiles/cmTC_982b5.dir/src.cxx.o -c /home/robin/NTRTsim/OpenSceneGraph/CMakeFiles/CMakeTmp/src.cxx
/home/robin/NTRTsim/OpenSceneGraph/CMakeFiles/CMakeTmp/src.cxx:2:27: fatal error: atomic.h: No such file or directory
compilation terminated.
CMakeFiles/cmTC_982b5.dir/build.make:65: recipe for target 'CMakeFiles/cmTC_982b5.dir/src.cxx.o' failed
make[1]: *** [CMakeFiles/cmTC_982b5.dir/src.cxx.o] Error 1
make[1]: Leaving directory '/home/robin/NTRTsim/OpenSceneGraph/CMakeFiles/CMakeTmp'
Makefile:126: recipe for target 'cmTC_982b5/fast' failed
make: *** [cmTC_982b5/fast] Error 2

Return value: 1
Source file was:

       #include <atomic.h>
       #include <cstdlib>

       int main(int, const char**)
       {
          uint_t value = 0;
          void* ptr = &value;
          atomic_inc_uint_nv(&value);
          membar_consumer();
          atomic_dec_uint_nv(&value);
          if (0 != atomic_cas_uint(&value, 0, 1))
             return EXIT_FAILURE;

          if (ptr != atomic_cas_ptr(&ptr, ptr, ptr))
             return EXIT_FAILURE;

          return EXIT_SUCCESS;
       }
       
Performing C++ SOURCE FILE Test _OPENTHREADS_ATOMIC_USE_WIN32_INTERLOCKED failed with the following output:
Change Dir: /home/robin/NTRTsim/OpenSceneGraph/CMakeFiles/CMakeTmp

Run Build Command:"/usr/bin/make" "cmTC_609ea/fast"
/usr/bin/make -f CMakeFiles/cmTC_609ea.dir/build.make CMakeFiles/cmTC_609ea.dir/build
make[1]: Entering directory '/home/robin/NTRTsim/OpenSceneGraph/CMakeFiles/CMakeTmp'
Building CXX object CMakeFiles/cmTC_609ea.dir/src.cxx.o
/usr/bin/c++     -Wall -Wparentheses -Wno-long-long -Wno-import -pedantic -Wreturn-type -Wmissing-braces -Wunknown-pragmas -Wunused -Wmaybe-uninitialized -Wextra -Wshadow -D_OPENTHREADS_ATOMIC_USE_WIN32_INTERLOCKED   -o CMakeFiles/cmTC_609ea.dir/src.cxx.o -c /home/robin/NTRTsim/OpenSceneGraph/CMakeFiles/CMakeTmp/src.cxx
/home/robin/NTRTsim/OpenSceneGraph/CMakeFiles/CMakeTmp/src.cxx:2:28: fatal error: windows.h: No such file or directory
compilation terminated.
CMakeFiles/cmTC_609ea.dir/build.make:65: recipe for target 'CMakeFiles/cmTC_609ea.dir/src.cxx.o' failed
make[1]: *** [CMakeFiles/cmTC_609ea.dir/src.cxx.o] Error 1
make[1]: Leaving directory '/home/robin/NTRTsim/OpenSceneGraph/CMakeFiles/CMakeTmp'
Makefile:126: recipe for target 'cmTC_609ea/fast' failed
make: *** [cmTC_609ea/fast] Error 2

Return value: 1
Source file was:

       #include <windows.h>
       #include <intrin.h>
       #include <cstdlib>

       #pragma intrinsic(_InterlockedAnd)
       #pragma intrinsic(_InterlockedOr)
       #pragma intrinsic(_InterlockedXor)

       int main(int, const char**)
       {
          volatile long value = 0;
          long data = 0;
          long* volatile ptr = &data;

          InterlockedIncrement(&value);
          MemoryBarrier();
          InterlockedDecrement(&value);

          if (0 != InterlockedCompareExchange(&value, 1, 0))
             return EXIT_FAILURE;

          if (ptr != InterlockedCompareExchangePointer((PVOID volatile*)&ptr, (PVOID)ptr, (PVOID)ptr))
             return EXIT_FAILURE;

          return EXIT_SUCCESS;
       }
       
Performing C++ SOURCE FILE Test _OPENTHREADS_ATOMIC_USE_BSD_ATOMIC failed with the following output:
Change Dir: /home/robin/NTRTsim/OpenSceneGraph/CMakeFiles/CMakeTmp

Run Build Command:"/usr/bin/make" "cmTC_63f91/fast"
/usr/bin/make -f CMakeFiles/cmTC_63f91.dir/build.make CMakeFiles/cmTC_63f91.dir/build
make[1]: Entering directory '/home/robin/NTRTsim/OpenSceneGraph/CMakeFiles/CMakeTmp'
Building CXX object CMakeFiles/cmTC_63f91.dir/src.cxx.o
/usr/bin/c++     -Wall -Wparentheses -Wno-long-long -Wno-import -pedantic -Wreturn-type -Wmissing-braces -Wunknown-pragmas -Wunused -Wmaybe-uninitialized -Wextra -Wshadow -D_OPENTHREADS_ATOMIC_USE_BSD_ATOMIC   -o CMakeFiles/cmTC_63f91.dir/src.cxx.o -c /home/robin/NTRTsim/OpenSceneGraph/CMakeFiles/CMakeTmp/src.cxx
/home/robin/NTRTsim/OpenSceneGraph/CMakeFiles/CMakeTmp/src.cxx:2:37: fatal error: libkern/OSAtomic.h: No such file or directory
compilation terminated.
CMakeFiles/cmTC_63f91.dir/build.make:65: recipe for target 'CMakeFiles/cmTC_63f91.dir/src.cxx.o' failed
make[1]: *** [CMakeFiles/cmTC_63f91.dir/src.cxx.o] Error 1
make[1]: Leaving directory '/home/robin/NTRTsim/OpenSceneGraph/CMakeFiles/CMakeTmp'
Makefile:126: recipe for target 'cmTC_63f91/fast' failed
make: *** [cmTC_63f91/fast] Error 2

Return value: 1
Source file was:

       #include <libkern/OSAtomic.h>

       int main()
       {
         volatile int32_t value = 0;
         long data = 0;
         long * volatile ptr = &data;

         OSAtomicIncrement32(&value);
         OSMemoryBarrier();
         OSAtomicDecrement32(&value);
         OSAtomicCompareAndSwapInt(value, 1, &value);
         OSAtomicCompareAndSwapPtr(ptr, ptr, (void * volatile *)&ptr);
       }
       
Determining if the function socket exists in the socket failed with the following output:
Change Dir: /home/robin/NTRTsim/OpenSceneGraph/CMakeFiles/CMakeTmp

Run Build Command:"/usr/bin/make" "cmTC_954f4/fast"
/usr/bin/make -f CMakeFiles/cmTC_954f4.dir/build.make CMakeFiles/cmTC_954f4.dir/build
make[1]: Entering directory '/home/robin/NTRTsim/OpenSceneGraph/CMakeFiles/CMakeTmp'
Building C object CMakeFiles/cmTC_954f4.dir/CheckFunctionExists.c.o
/usr/bin/cc    -DCHECK_FUNCTION_EXISTS=socket   -o CMakeFiles/cmTC_954f4.dir/CheckFunctionExists.c.o   -c /usr/share/cmake-3.5/Modules/CheckFunctionExists.c
Linking C executable cmTC_954f4
/usr/bin/cmake -E cmake_link_script CMakeFiles/cmTC_954f4.dir/link.txt --verbose=1
/usr/bin/cc   -DCHECK_FUNCTION_EXISTS=socket    CMakeFiles/cmTC_954f4.dir/CheckFunctionExists.c.o  -o cmTC_954f4 -rdynamic -lsocket 
/usr/bin/ld: cannot find -lsocket
collect2: error: ld returned 1 exit status
CMakeFiles/cmTC_954f4.dir/build.make:97: recipe for target 'cmTC_954f4' failed
make[1]: *** [cmTC_954f4] Error 1
make[1]: Leaving directory '/home/robin/NTRTsim/OpenSceneGraph/CMakeFiles/CMakeTmp'
Makefile:126: recipe for target 'cmTC_954f4/fast' failed
make: *** [cmTC_954f4/fast] Error 2


