The system is: Linux - 4.15.0-66-generic - x86_64
Compiling the C compiler identification source file "CMakeCCompilerId.c" succeeded.
Compiler: /usr/bin/cc 
Build flags: 
Id flags: 

The output was:
0


Compilation of the C compiler identification source "CMakeCCompilerId.c" produced "a.out"

The C compiler identification is GNU, found in "/home/rvy/NTRTsim/OpenSceneGraph/CMakeFiles/3.5.1/CompilerIdC/a.out"

Compiling the CXX compiler identification source file "CMakeCXXCompilerId.cpp" succeeded.
Compiler: /usr/bin/c++ 
Build flags: 
Id flags: 

The output was:
0


Compilation of the CXX compiler identification source "CMakeCXXCompilerId.cpp" produced "a.out"

The CXX compiler identification is GNU, found in "/home/rvy/NTRTsim/OpenSceneGraph/CMakeFiles/3.5.1/CompilerIdCXX/a.out"

Determining if the C compiler works passed with the following output:
Change Dir: /home/rvy/NTRTsim/OpenSceneGraph/CMakeFiles/CMakeTmp

Run Build Command:"/usr/bin/make" "cmTC_1b7a8/fast"
/usr/bin/make -f CMakeFiles/cmTC_1b7a8.dir/build.make CMakeFiles/cmTC_1b7a8.dir/build
make[1]: Entering directory '/home/rvy/NTRTsim/OpenSceneGraph/CMakeFiles/CMakeTmp'
Building C object CMakeFiles/cmTC_1b7a8.dir/testCCompiler.c.o
/usr/bin/cc     -o CMakeFiles/cmTC_1b7a8.dir/testCCompiler.c.o   -c /home/rvy/NTRTsim/OpenSceneGraph/CMakeFiles/CMakeTmp/testCCompiler.c
Linking C executable cmTC_1b7a8
/usr/bin/cmake -E cmake_link_script CMakeFiles/cmTC_1b7a8.dir/link.txt --verbose=1
/usr/bin/cc       CMakeFiles/cmTC_1b7a8.dir/testCCompiler.c.o  -o cmTC_1b7a8 -rdynamic 
make[1]: Leaving directory '/home/rvy/NTRTsim/OpenSceneGraph/CMakeFiles/CMakeTmp'


Detecting C compiler ABI info compiled with the following output:
Change Dir: /home/rvy/NTRTsim/OpenSceneGraph/CMakeFiles/CMakeTmp

Run Build Command:"/usr/bin/make" "cmTC_df8fd/fast"
/usr/bin/make -f CMakeFiles/cmTC_df8fd.dir/build.make CMakeFiles/cmTC_df8fd.dir/build
make[1]: Entering directory '/home/rvy/NTRTsim/OpenSceneGraph/CMakeFiles/CMakeTmp'
Building C object CMakeFiles/cmTC_df8fd.dir/CMakeCCompilerABI.c.o
/usr/bin/cc     -o CMakeFiles/cmTC_df8fd.dir/CMakeCCompilerABI.c.o   -c /usr/share/cmake-3.5/Modules/CMakeCCompilerABI.c
Linking C executable cmTC_df8fd
/usr/bin/cmake -E cmake_link_script CMakeFiles/cmTC_df8fd.dir/link.txt --verbose=1
/usr/bin/cc      -v CMakeFiles/cmTC_df8fd.dir/CMakeCCompilerABI.c.o  -o cmTC_df8fd -rdynamic  
Using built-in specs.
COLLECT_GCC=/usr/bin/cc
COLLECT_LTO_WRAPPER=/usr/lib/gcc/x86_64-linux-gnu/5/lto-wrapper
Target: x86_64-linux-gnu
Configured with: ../src/configure -v --with-pkgversion='Ubuntu 5.4.0-6ubuntu1~16.04.12' --with-bugurl=file:///usr/share/doc/gcc-5/README.Bugs --enable-languages=c,ada,c++,java,go,d,fortran,objc,obj-c++ --prefix=/usr --program-suffix=-5 --enable-shared --enable-linker-build-id --libexecdir=/usr/lib --without-included-gettext --enable-threads=posix --libdir=/usr/lib --enable-nls --with-sysroot=/ --enable-clocale=gnu --enable-libstdcxx-debug --enable-libstdcxx-time=yes --with-default-libstdcxx-abi=new --enable-gnu-unique-object --disable-vtable-verify --enable-libmpx --enable-plugin --with-system-zlib --disable-browser-plugin --enable-java-awt=gtk --enable-gtk-cairo --with-java-home=/usr/lib/jvm/java-1.5.0-gcj-5-amd64/jre --enable-java-home --with-jvm-root-dir=/usr/lib/jvm/java-1.5.0-gcj-5-amd64 --with-jvm-jar-dir=/usr/lib/jvm-exports/java-1.5.0-gcj-5-amd64 --with-arch-directory=amd64 --with-ecj-jar=/usr/share/java/eclipse-ecj.jar --enable-objc-gc --enable-multiarch --disable-werror --with-arch-32=i686 --with-abi=m64 --with-multilib-list=m32,m64,mx32 --enable-multilib --with-tune=generic --enable-checking=release --build=x86_64-linux-gnu --host=x86_64-linux-gnu --target=x86_64-linux-gnu
Thread model: posix
gcc version 5.4.0 20160609 (Ubuntu 5.4.0-6ubuntu1~16.04.12) 
COMPILER_PATH=/usr/lib/gcc/x86_64-linux-gnu/5/:/usr/lib/gcc/x86_64-linux-gnu/5/:/usr/lib/gcc/x86_64-linux-gnu/:/usr/lib/gcc/x86_64-linux-gnu/5/:/usr/lib/gcc/x86_64-linux-gnu/
LIBRARY_PATH=/usr/lib/gcc/x86_64-linux-gnu/5/:/usr/lib/gcc/x86_64-linux-gnu/5/../../../x86_64-linux-gnu/:/usr/lib/gcc/x86_64-linux-gnu/5/../../../../lib/:/lib/x86_64-linux-gnu/:/lib/../lib/:/usr/lib/x86_64-linux-gnu/:/usr/lib/../lib/:/usr/lib/gcc/x86_64-linux-gnu/5/../../../:/lib/:/usr/lib/
COLLECT_GCC_OPTIONS='-v' '-o' 'cmTC_df8fd' '-rdynamic' '-mtune=generic' '-march=x86-64'
 /usr/lib/gcc/x86_64-linux-gnu/5/collect2 -plugin /usr/lib/gcc/x86_64-linux-gnu/5/liblto_plugin.so -plugin-opt=/usr/lib/gcc/x86_64-linux-gnu/5/lto-wrapper -plugin-opt=-fresolution=/tmp/ccqcLbMm.res -plugin-opt=-pass-through=-lgcc -plugin-opt=-pass-through=-lgcc_s -plugin-opt=-pass-through=-lc -plugin-opt=-pass-through=-lgcc -plugin-opt=-pass-through=-lgcc_s --sysroot=/ --build-id --eh-frame-hdr -m elf_x86_64 --hash-style=gnu --as-needed -export-dynamic -dynamic-linker /lib64/ld-linux-x86-64.so.2 -z relro -o cmTC_df8fd /usr/lib/gcc/x86_64-linux-gnu/5/../../../x86_64-linux-gnu/crt1.o /usr/lib/gcc/x86_64-linux-gnu/5/../../../x86_64-linux-gnu/crti.o /usr/lib/gcc/x86_64-linux-gnu/5/crtbegin.o -L/usr/lib/gcc/x86_64-linux-gnu/5 -L/usr/lib/gcc/x86_64-linux-gnu/5/../../../x86_64-linux-gnu -L/usr/lib/gcc/x86_64-linux-gnu/5/../../../../lib -L/lib/x86_64-linux-gnu -L/lib/../lib -L/usr/lib/x86_64-linux-gnu -L/usr/lib/../lib -L/usr/lib/gcc/x86_64-linux-gnu/5/../../.. CMakeFiles/cmTC_df8fd.dir/CMakeCCompilerABI.c.o -lgcc --as-needed -lgcc_s --no-as-needed -lc -lgcc --as-needed -lgcc_s --no-as-needed /usr/lib/gcc/x86_64-linux-gnu/5/crtend.o /usr/lib/gcc/x86_64-linux-gnu/5/../../../x86_64-linux-gnu/crtn.o
make[1]: Leaving directory '/home/rvy/NTRTsim/OpenSceneGraph/CMakeFiles/CMakeTmp'


Parsed C implicit link information from above output:
  link line regex: [^( *|.*[/\])(ld|([^/\]+-)?ld|collect2)[^/\]*( |$)]
  ignore line: [Change Dir: /home/rvy/NTRTsim/OpenSceneGraph/CMakeFiles/CMakeTmp]
  ignore line: []
  ignore line: [Run Build Command:"/usr/bin/make" "cmTC_df8fd/fast"]
  ignore line: [/usr/bin/make -f CMakeFiles/cmTC_df8fd.dir/build.make CMakeFiles/cmTC_df8fd.dir/build]
  ignore line: [make[1]: Entering directory '/home/rvy/NTRTsim/OpenSceneGraph/CMakeFiles/CMakeTmp']
  ignore line: [Building C object CMakeFiles/cmTC_df8fd.dir/CMakeCCompilerABI.c.o]
  ignore line: [/usr/bin/cc     -o CMakeFiles/cmTC_df8fd.dir/CMakeCCompilerABI.c.o   -c /usr/share/cmake-3.5/Modules/CMakeCCompilerABI.c]
  ignore line: [Linking C executable cmTC_df8fd]
  ignore line: [/usr/bin/cmake -E cmake_link_script CMakeFiles/cmTC_df8fd.dir/link.txt --verbose=1]
  ignore line: [/usr/bin/cc      -v CMakeFiles/cmTC_df8fd.dir/CMakeCCompilerABI.c.o  -o cmTC_df8fd -rdynamic  ]
  ignore line: [Using built-in specs.]
  ignore line: [COLLECT_GCC=/usr/bin/cc]
  ignore line: [COLLECT_LTO_WRAPPER=/usr/lib/gcc/x86_64-linux-gnu/5/lto-wrapper]
  ignore line: [Target: x86_64-linux-gnu]
  ignore line: [Configured with: ../src/configure -v --with-pkgversion='Ubuntu 5.4.0-6ubuntu1~16.04.12' --with-bugurl=file:///usr/share/doc/gcc-5/README.Bugs --enable-languages=c,ada,c++,java,go,d,fortran,objc,obj-c++ --prefix=/usr --program-suffix=-5 --enable-shared --enable-linker-build-id --libexecdir=/usr/lib --without-included-gettext --enable-threads=posix --libdir=/usr/lib --enable-nls --with-sysroot=/ --enable-clocale=gnu --enable-libstdcxx-debug --enable-libstdcxx-time=yes --with-default-libstdcxx-abi=new --enable-gnu-unique-object --disable-vtable-verify --enable-libmpx --enable-plugin --with-system-zlib --disable-browser-plugin --enable-java-awt=gtk --enable-gtk-cairo --with-java-home=/usr/lib/jvm/java-1.5.0-gcj-5-amd64/jre --enable-java-home --with-jvm-root-dir=/usr/lib/jvm/java-1.5.0-gcj-5-amd64 --with-jvm-jar-dir=/usr/lib/jvm-exports/java-1.5.0-gcj-5-amd64 --with-arch-directory=amd64 --with-ecj-jar=/usr/share/java/eclipse-ecj.jar --enable-objc-gc --enable-multiarch --disable-werror --with-arch-32=i686 --with-abi=m64 --with-multilib-list=m32,m64,mx32 --enable-multilib --with-tune=generic --enable-checking=release --build=x86_64-linux-gnu --host=x86_64-linux-gnu --target=x86_64-linux-gnu]
  ignore line: [Thread model: posix]
  ignore line: [gcc version 5.4.0 20160609 (Ubuntu 5.4.0-6ubuntu1~16.04.12) ]
  ignore line: [COMPILER_PATH=/usr/lib/gcc/x86_64-linux-gnu/5/:/usr/lib/gcc/x86_64-linux-gnu/5/:/usr/lib/gcc/x86_64-linux-gnu/:/usr/lib/gcc/x86_64-linux-gnu/5/:/usr/lib/gcc/x86_64-linux-gnu/]
  ignore line: [LIBRARY_PATH=/usr/lib/gcc/x86_64-linux-gnu/5/:/usr/lib/gcc/x86_64-linux-gnu/5/../../../x86_64-linux-gnu/:/usr/lib/gcc/x86_64-linux-gnu/5/../../../../lib/:/lib/x86_64-linux-gnu/:/lib/../lib/:/usr/lib/x86_64-linux-gnu/:/usr/lib/../lib/:/usr/lib/gcc/x86_64-linux-gnu/5/../../../:/lib/:/usr/lib/]
  ignore line: [COLLECT_GCC_OPTIONS='-v' '-o' 'cmTC_df8fd' '-rdynamic' '-mtune=generic' '-march=x86-64']
  link line: [ /usr/lib/gcc/x86_64-linux-gnu/5/collect2 -plugin /usr/lib/gcc/x86_64-linux-gnu/5/liblto_plugin.so -plugin-opt=/usr/lib/gcc/x86_64-linux-gnu/5/lto-wrapper -plugin-opt=-fresolution=/tmp/ccqcLbMm.res -plugin-opt=-pass-through=-lgcc -plugin-opt=-pass-through=-lgcc_s -plugin-opt=-pass-through=-lc -plugin-opt=-pass-through=-lgcc -plugin-opt=-pass-through=-lgcc_s --sysroot=/ --build-id --eh-frame-hdr -m elf_x86_64 --hash-style=gnu --as-needed -export-dynamic -dynamic-linker /lib64/ld-linux-x86-64.so.2 -z relro -o cmTC_df8fd /usr/lib/gcc/x86_64-linux-gnu/5/../../../x86_64-linux-gnu/crt1.o /usr/lib/gcc/x86_64-linux-gnu/5/../../../x86_64-linux-gnu/crti.o /usr/lib/gcc/x86_64-linux-gnu/5/crtbegin.o -L/usr/lib/gcc/x86_64-linux-gnu/5 -L/usr/lib/gcc/x86_64-linux-gnu/5/../../../x86_64-linux-gnu -L/usr/lib/gcc/x86_64-linux-gnu/5/../../../../lib -L/lib/x86_64-linux-gnu -L/lib/../lib -L/usr/lib/x86_64-linux-gnu -L/usr/lib/../lib -L/usr/lib/gcc/x86_64-linux-gnu/5/../../.. CMakeFiles/cmTC_df8fd.dir/CMakeCCompilerABI.c.o -lgcc --as-needed -lgcc_s --no-as-needed -lc -lgcc --as-needed -lgcc_s --no-as-needed /usr/lib/gcc/x86_64-linux-gnu/5/crtend.o /usr/lib/gcc/x86_64-linux-gnu/5/../../../x86_64-linux-gnu/crtn.o]
    arg [/usr/lib/gcc/x86_64-linux-gnu/5/collect2] ==> ignore
    arg [-plugin] ==> ignore
    arg [/usr/lib/gcc/x86_64-linux-gnu/5/liblto_plugin.so] ==> ignore
    arg [-plugin-opt=/usr/lib/gcc/x86_64-linux-gnu/5/lto-wrapper] ==> ignore
    arg [-plugin-opt=-fresolution=/tmp/ccqcLbMm.res] ==> ignore
    arg [-plugin-opt=-pass-through=-lgcc] ==> ignore
    arg [-plugin-opt=-pass-through=-lgcc_s] ==> ignore
    arg [-plugin-opt=-pass-through=-lc] ==> ignore
    arg [-plugin-opt=-pass-through=-lgcc] ==> ignore
    arg [-plugin-opt=-pass-through=-lgcc_s] ==> ignore
    arg [--sysroot=/] ==> ignore
    arg [--build-id] ==> ignore
    arg [--eh-frame-hdr] ==> ignore
    arg [-m] ==> ignore
    arg [elf_x86_64] ==> ignore
    arg [--hash-style=gnu] ==> ignore
    arg [--as-needed] ==> ignore
    arg [-export-dynamic] ==> ignore
    arg [-dynamic-linker] ==> ignore
    arg [/lib64/ld-linux-x86-64.so.2] ==> ignore
    arg [-zrelro] ==> ignore
    arg [-o] ==> ignore
    arg [cmTC_df8fd] ==> ignore
    arg [/usr/lib/gcc/x86_64-linux-gnu/5/../../../x86_64-linux-gnu/crt1.o] ==> ignore
    arg [/usr/lib/gcc/x86_64-linux-gnu/5/../../../x86_64-linux-gnu/crti.o] ==> ignore
    arg [/usr/lib/gcc/x86_64-linux-gnu/5/crtbegin.o] ==> ignore
    arg [-L/usr/lib/gcc/x86_64-linux-gnu/5] ==> dir [/usr/lib/gcc/x86_64-linux-gnu/5]
    arg [-L/usr/lib/gcc/x86_64-linux-gnu/5/../../../x86_64-linux-gnu] ==> dir [/usr/lib/gcc/x86_64-linux-gnu/5/../../../x86_64-linux-gnu]
    arg [-L/usr/lib/gcc/x86_64-linux-gnu/5/../../../../lib] ==> dir [/usr/lib/gcc/x86_64-linux-gnu/5/../../../../lib]
    arg [-L/lib/x86_64-linux-gnu] ==> dir [/lib/x86_64-linux-gnu]
    arg [-L/lib/../lib] ==> dir [/lib/../lib]
    arg [-L/usr/lib/x86_64-linux-gnu] ==> dir [/usr/lib/x86_64-linux-gnu]
    arg [-L/usr/lib/../lib] ==> dir [/usr/lib/../lib]
    arg [-L/usr/lib/gcc/x86_64-linux-gnu/5/../../..] ==> dir [/usr/lib/gcc/x86_64-linux-gnu/5/../../..]
    arg [CMakeFiles/cmTC_df8fd.dir/CMakeCCompilerABI.c.o] ==> ignore
    arg [-lgcc] ==> lib [gcc]
    arg [--as-needed] ==> ignore
    arg [-lgcc_s] ==> lib [gcc_s]
    arg [--no-as-needed] ==> ignore
    arg [-lc] ==> lib [c]
    arg [-lgcc] ==> lib [gcc]
    arg [--as-needed] ==> ignore
    arg [-lgcc_s] ==> lib [gcc_s]
    arg [--no-as-needed] ==> ignore
    arg [/usr/lib/gcc/x86_64-linux-gnu/5/crtend.o] ==> ignore
    arg [/usr/lib/gcc/x86_64-linux-gnu/5/../../../x86_64-linux-gnu/crtn.o] ==> ignore
  remove lib [gcc]
  remove lib [gcc_s]
  remove lib [gcc]
  remove lib [gcc_s]
  collapse library dir [/usr/lib/gcc/x86_64-linux-gnu/5] ==> [/usr/lib/gcc/x86_64-linux-gnu/5]
  collapse library dir [/usr/lib/gcc/x86_64-linux-gnu/5/../../../x86_64-linux-gnu] ==> [/usr/lib/x86_64-linux-gnu]
  collapse library dir [/usr/lib/gcc/x86_64-linux-gnu/5/../../../../lib] ==> [/usr/lib]
  collapse library dir [/lib/x86_64-linux-gnu] ==> [/lib/x86_64-linux-gnu]
  collapse library dir [/lib/../lib] ==> [/lib]
  collapse library dir [/usr/lib/x86_64-linux-gnu] ==> [/usr/lib/x86_64-linux-gnu]
  collapse library dir [/usr/lib/../lib] ==> [/usr/lib]
  collapse library dir [/usr/lib/gcc/x86_64-linux-gnu/5/../../..] ==> [/usr/lib]
  implicit libs: [c]
  implicit dirs: [/usr/lib/gcc/x86_64-linux-gnu/5;/usr/lib/x86_64-linux-gnu;/usr/lib;/lib/x86_64-linux-gnu;/lib]
  implicit fwks: []




Detecting C [-std=c11] compiler features compiled with the following output:
Change Dir: /home/rvy/NTRTsim/OpenSceneGraph/CMakeFiles/CMakeTmp

Run Build Command:"/usr/bin/make" "cmTC_d3196/fast"
/usr/bin/make -f CMakeFiles/cmTC_d3196.dir/build.make CMakeFiles/cmTC_d3196.dir/build
make[1]: Entering directory '/home/rvy/NTRTsim/OpenSceneGraph/CMakeFiles/CMakeTmp'
Building C object CMakeFiles/cmTC_d3196.dir/feature_tests.c.o
/usr/bin/cc    -std=c11 -o CMakeFiles/cmTC_d3196.dir/feature_tests.c.o   -c /home/rvy/NTRTsim/OpenSceneGraph/CMakeFiles/feature_tests.c
Linking C executable cmTC_d3196
/usr/bin/cmake -E cmake_link_script CMakeFiles/cmTC_d3196.dir/link.txt --verbose=1
/usr/bin/cc       CMakeFiles/cmTC_d3196.dir/feature_tests.c.o  -o cmTC_d3196 -rdynamic 
make[1]: Leaving directory '/home/rvy/NTRTsim/OpenSceneGraph/CMakeFiles/CMakeTmp'


    Feature record: C_FEATURE:1c_function_prototypes
    Feature record: C_FEATURE:1c_restrict
    Feature record: C_FEATURE:1c_static_assert
    Feature record: C_FEATURE:1c_variadic_macros


Detecting C [-std=c99] compiler features compiled with the following output:
Change Dir: /home/rvy/NTRTsim/OpenSceneGraph/CMakeFiles/CMakeTmp

Run Build Command:"/usr/bin/make" "cmTC_30d9f/fast"
/usr/bin/make -f CMakeFiles/cmTC_30d9f.dir/build.make CMakeFiles/cmTC_30d9f.dir/build
make[1]: Entering directory '/home/rvy/NTRTsim/OpenSceneGraph/CMakeFiles/CMakeTmp'
Building C object CMakeFiles/cmTC_30d9f.dir/feature_tests.c.o
/usr/bin/cc    -std=c99 -o CMakeFiles/cmTC_30d9f.dir/feature_tests.c.o   -c /home/rvy/NTRTsim/OpenSceneGraph/CMakeFiles/feature_tests.c
Linking C executable cmTC_30d9f
/usr/bin/cmake -E cmake_link_script CMakeFiles/cmTC_30d9f.dir/link.txt --verbose=1
/usr/bin/cc       CMakeFiles/cmTC_30d9f.dir/feature_tests.c.o  -o cmTC_30d9f -rdynamic 
make[1]: Leaving directory '/home/rvy/NTRTsim/OpenSceneGraph/CMakeFiles/CMakeTmp'


    Feature record: C_FEATURE:1c_function_prototypes
    Feature record: C_FEATURE:1c_restrict
    Feature record: C_FEATURE:0c_static_assert
    Feature record: C_FEATURE:1c_variadic_macros


Detecting C [-std=c90] compiler features compiled with the following output:
Change Dir: /home/rvy/NTRTsim/OpenSceneGraph/CMakeFiles/CMakeTmp

Run Build Command:"/usr/bin/make" "cmTC_ffac1/fast"
/usr/bin/make -f CMakeFiles/cmTC_ffac1.dir/build.make CMakeFiles/cmTC_ffac1.dir/build
make[1]: Entering directory '/home/rvy/NTRTsim/OpenSceneGraph/CMakeFiles/CMakeTmp'
Building C object CMakeFiles/cmTC_ffac1.dir/feature_tests.c.o
/usr/bin/cc    -std=c90 -o CMakeFiles/cmTC_ffac1.dir/feature_tests.c.o   -c /home/rvy/NTRTsim/OpenSceneGraph/CMakeFiles/feature_tests.c
Linking C executable cmTC_ffac1
/usr/bin/cmake -E cmake_link_script CMakeFiles/cmTC_ffac1.dir/link.txt --verbose=1
/usr/bin/cc       CMakeFiles/cmTC_ffac1.dir/feature_tests.c.o  -o cmTC_ffac1 -rdynamic 
make[1]: Leaving directory '/home/rvy/NTRTsim/OpenSceneGraph/CMakeFiles/CMakeTmp'


    Feature record: C_FEATURE:1c_function_prototypes
    Feature record: C_FEATURE:0c_restrict
    Feature record: C_FEATURE:0c_static_assert
    Feature record: C_FEATURE:0c_variadic_macros
Determining if the CXX compiler works passed with the following output:
Change Dir: /home/rvy/NTRTsim/OpenSceneGraph/CMakeFiles/CMakeTmp

Run Build Command:"/usr/bin/make" "cmTC_9f193/fast"
/usr/bin/make -f CMakeFiles/cmTC_9f193.dir/build.make CMakeFiles/cmTC_9f193.dir/build
make[1]: Entering directory '/home/rvy/NTRTsim/OpenSceneGraph/CMakeFiles/CMakeTmp'
Building CXX object CMakeFiles/cmTC_9f193.dir/testCXXCompiler.cxx.o
/usr/bin/c++      -o CMakeFiles/cmTC_9f193.dir/testCXXCompiler.cxx.o -c /home/rvy/NTRTsim/OpenSceneGraph/CMakeFiles/CMakeTmp/testCXXCompiler.cxx
Linking CXX executable cmTC_9f193
/usr/bin/cmake -E cmake_link_script CMakeFiles/cmTC_9f193.dir/link.txt --verbose=1
/usr/bin/c++        CMakeFiles/cmTC_9f193.dir/testCXXCompiler.cxx.o  -o cmTC_9f193 -rdynamic 
make[1]: Leaving directory '/home/rvy/NTRTsim/OpenSceneGraph/CMakeFiles/CMakeTmp'


Detecting CXX compiler ABI info compiled with the following output:
Change Dir: /home/rvy/NTRTsim/OpenSceneGraph/CMakeFiles/CMakeTmp

Run Build Command:"/usr/bin/make" "cmTC_ab2d5/fast"
/usr/bin/make -f CMakeFiles/cmTC_ab2d5.dir/build.make CMakeFiles/cmTC_ab2d5.dir/build
make[1]: Entering directory '/home/rvy/NTRTsim/OpenSceneGraph/CMakeFiles/CMakeTmp'
Building CXX object CMakeFiles/cmTC_ab2d5.dir/CMakeCXXCompilerABI.cpp.o
/usr/bin/c++      -o CMakeFiles/cmTC_ab2d5.dir/CMakeCXXCompilerABI.cpp.o -c /usr/share/cmake-3.5/Modules/CMakeCXXCompilerABI.cpp
Linking CXX executable cmTC_ab2d5
/usr/bin/cmake -E cmake_link_script CMakeFiles/cmTC_ab2d5.dir/link.txt --verbose=1
/usr/bin/c++       -v CMakeFiles/cmTC_ab2d5.dir/CMakeCXXCompilerABI.cpp.o  -o cmTC_ab2d5 -rdynamic  
Using built-in specs.
COLLECT_GCC=/usr/bin/c++
COLLECT_LTO_WRAPPER=/usr/lib/gcc/x86_64-linux-gnu/5/lto-wrapper
Target: x86_64-linux-gnu
Configured with: ../src/configure -v --with-pkgversion='Ubuntu 5.4.0-6ubuntu1~16.04.12' --with-bugurl=file:///usr/share/doc/gcc-5/README.Bugs --enable-languages=c,ada,c++,java,go,d,fortran,objc,obj-c++ --prefix=/usr --program-suffix=-5 --enable-shared --enable-linker-build-id --libexecdir=/usr/lib --without-included-gettext --enable-threads=posix --libdir=/usr/lib --enable-nls --with-sysroot=/ --enable-clocale=gnu --enable-libstdcxx-debug --enable-libstdcxx-time=yes --with-default-libstdcxx-abi=new --enable-gnu-unique-object --disable-vtable-verify --enable-libmpx --enable-plugin --with-system-zlib --disable-browser-plugin --enable-java-awt=gtk --enable-gtk-cairo --with-java-home=/usr/lib/jvm/java-1.5.0-gcj-5-amd64/jre --enable-java-home --with-jvm-root-dir=/usr/lib/jvm/java-1.5.0-gcj-5-amd64 --with-jvm-jar-dir=/usr/lib/jvm-exports/java-1.5.0-gcj-5-amd64 --with-arch-directory=amd64 --with-ecj-jar=/usr/share/java/eclipse-ecj.jar --enable-objc-gc --enable-multiarch --disable-werror --with-arch-32=i686 --with-abi=m64 --with-multilib-list=m32,m64,mx32 --enable-multilib --with-tune=generic --enable-checking=release --build=x86_64-linux-gnu --host=x86_64-linux-gnu --target=x86_64-linux-gnu
Thread model: posix
gcc version 5.4.0 20160609 (Ubuntu 5.4.0-6ubuntu1~16.04.12) 
COMPILER_PATH=/usr/lib/gcc/x86_64-linux-gnu/5/:/usr/lib/gcc/x86_64-linux-gnu/5/:/usr/lib/gcc/x86_64-linux-gnu/:/usr/lib/gcc/x86_64-linux-gnu/5/:/usr/lib/gcc/x86_64-linux-gnu/
LIBRARY_PATH=/usr/lib/gcc/x86_64-linux-gnu/5/:/usr/lib/gcc/x86_64-linux-gnu/5/../../../x86_64-linux-gnu/:/usr/lib/gcc/x86_64-linux-gnu/5/../../../../lib/:/lib/x86_64-linux-gnu/:/lib/../lib/:/usr/lib/x86_64-linux-gnu/:/usr/lib/../lib/:/usr/lib/gcc/x86_64-linux-gnu/5/../../../:/lib/:/usr/lib/
COLLECT_GCC_OPTIONS='-v' '-o' 'cmTC_ab2d5' '-rdynamic' '-shared-libgcc' '-mtune=generic' '-march=x86-64'
 /usr/lib/gcc/x86_64-linux-gnu/5/collect2 -plugin /usr/lib/gcc/x86_64-linux-gnu/5/liblto_plugin.so -plugin-opt=/usr/lib/gcc/x86_64-linux-gnu/5/lto-wrapper -plugin-opt=-fresolution=/tmp/ccdQDIjI.res -plugin-opt=-pass-through=-lgcc_s -plugin-opt=-pass-through=-lgcc -plugin-opt=-pass-through=-lc -plugin-opt=-pass-through=-lgcc_s -plugin-opt=-pass-through=-lgcc --sysroot=/ --build-id --eh-frame-hdr -m elf_x86_64 --hash-style=gnu --as-needed -export-dynamic -dynamic-linker /lib64/ld-linux-x86-64.so.2 -z relro -o cmTC_ab2d5 /usr/lib/gcc/x86_64-linux-gnu/5/../../../x86_64-linux-gnu/crt1.o /usr/lib/gcc/x86_64-linux-gnu/5/../../../x86_64-linux-gnu/crti.o /usr/lib/gcc/x86_64-linux-gnu/5/crtbegin.o -L/usr/lib/gcc/x86_64-linux-gnu/5 -L/usr/lib/gcc/x86_64-linux-gnu/5/../../../x86_64-linux-gnu -L/usr/lib/gcc/x86_64-linux-gnu/5/../../../../lib -L/lib/x86_64-linux-gnu -L/lib/../lib -L/usr/lib/x86_64-linux-gnu -L/usr/lib/../lib -L/usr/lib/gcc/x86_64-linux-gnu/5/../../.. CMakeFiles/cmTC_ab2d5.dir/CMakeCXXCompilerABI.cpp.o -lstdc++ -lm -lgcc_s -lgcc -lc -lgcc_s -lgcc /usr/lib/gcc/x86_64-linux-gnu/5/crtend.o /usr/lib/gcc/x86_64-linux-gnu/5/../../../x86_64-linux-gnu/crtn.o
make[1]: Leaving directory '/home/rvy/NTRTsim/OpenSceneGraph/CMakeFiles/CMakeTmp'


Parsed CXX implicit link information from above output:
  link line regex: [^( *|.*[/\])(ld|([^/\]+-)?ld|collect2)[^/\]*( |$)]
  ignore line: [Change Dir: /home/rvy/NTRTsim/OpenSceneGraph/CMakeFiles/CMakeTmp]
  ignore line: []
  ignore line: [Run Build Command:"/usr/bin/make" "cmTC_ab2d5/fast"]
  ignore line: [/usr/bin/make -f CMakeFiles/cmTC_ab2d5.dir/build.make CMakeFiles/cmTC_ab2d5.dir/build]
  ignore line: [make[1]: Entering directory '/home/rvy/NTRTsim/OpenSceneGraph/CMakeFiles/CMakeTmp']
  ignore line: [Building CXX object CMakeFiles/cmTC_ab2d5.dir/CMakeCXXCompilerABI.cpp.o]
  ignore line: [/usr/bin/c++      -o CMakeFiles/cmTC_ab2d5.dir/CMakeCXXCompilerABI.cpp.o -c /usr/share/cmake-3.5/Modules/CMakeCXXCompilerABI.cpp]
  ignore line: [Linking CXX executable cmTC_ab2d5]
  ignore line: [/usr/bin/cmake -E cmake_link_script CMakeFiles/cmTC_ab2d5.dir/link.txt --verbose=1]
  ignore line: [/usr/bin/c++       -v CMakeFiles/cmTC_ab2d5.dir/CMakeCXXCompilerABI.cpp.o  -o cmTC_ab2d5 -rdynamic  ]
  ignore line: [Using built-in specs.]
  ignore line: [COLLECT_GCC=/usr/bin/c++]
  ignore line: [COLLECT_LTO_WRAPPER=/usr/lib/gcc/x86_64-linux-gnu/5/lto-wrapper]
  ignore line: [Target: x86_64-linux-gnu]
  ignore line: [Configured with: ../src/configure -v --with-pkgversion='Ubuntu 5.4.0-6ubuntu1~16.04.12' --with-bugurl=file:///usr/share/doc/gcc-5/README.Bugs --enable-languages=c,ada,c++,java,go,d,fortran,objc,obj-c++ --prefix=/usr --program-suffix=-5 --enable-shared --enable-linker-build-id --libexecdir=/usr/lib --without-included-gettext --enable-threads=posix --libdir=/usr/lib --enable-nls --with-sysroot=/ --enable-clocale=gnu --enable-libstdcxx-debug --enable-libstdcxx-time=yes --with-default-libstdcxx-abi=new --enable-gnu-unique-object --disable-vtable-verify --enable-libmpx --enable-plugin --with-system-zlib --disable-browser-plugin --enable-java-awt=gtk --enable-gtk-cairo --with-java-home=/usr/lib/jvm/java-1.5.0-gcj-5-amd64/jre --enable-java-home --with-jvm-root-dir=/usr/lib/jvm/java-1.5.0-gcj-5-amd64 --with-jvm-jar-dir=/usr/lib/jvm-exports/java-1.5.0-gcj-5-amd64 --with-arch-directory=amd64 --with-ecj-jar=/usr/share/java/eclipse-ecj.jar --enable-objc-gc --enable-multiarch --disable-werror --with-arch-32=i686 --with-abi=m64 --with-multilib-list=m32,m64,mx32 --enable-multilib --with-tune=generic --enable-checking=release --build=x86_64-linux-gnu --host=x86_64-linux-gnu --target=x86_64-linux-gnu]
  ignore line: [Thread model: posix]
  ignore line: [gcc version 5.4.0 20160609 (Ubuntu 5.4.0-6ubuntu1~16.04.12) ]
  ignore line: [COMPILER_PATH=/usr/lib/gcc/x86_64-linux-gnu/5/:/usr/lib/gcc/x86_64-linux-gnu/5/:/usr/lib/gcc/x86_64-linux-gnu/:/usr/lib/gcc/x86_64-linux-gnu/5/:/usr/lib/gcc/x86_64-linux-gnu/]
  ignore line: [LIBRARY_PATH=/usr/lib/gcc/x86_64-linux-gnu/5/:/usr/lib/gcc/x86_64-linux-gnu/5/../../../x86_64-linux-gnu/:/usr/lib/gcc/x86_64-linux-gnu/5/../../../../lib/:/lib/x86_64-linux-gnu/:/lib/../lib/:/usr/lib/x86_64-linux-gnu/:/usr/lib/../lib/:/usr/lib/gcc/x86_64-linux-gnu/5/../../../:/lib/:/usr/lib/]
  ignore line: [COLLECT_GCC_OPTIONS='-v' '-o' 'cmTC_ab2d5' '-rdynamic' '-shared-libgcc' '-mtune=generic' '-march=x86-64']
  link line: [ /usr/lib/gcc/x86_64-linux-gnu/5/collect2 -plugin /usr/lib/gcc/x86_64-linux-gnu/5/liblto_plugin.so -plugin-opt=/usr/lib/gcc/x86_64-linux-gnu/5/lto-wrapper -plugin-opt=-fresolution=/tmp/ccdQDIjI.res -plugin-opt=-pass-through=-lgcc_s -plugin-opt=-pass-through=-lgcc -plugin-opt=-pass-through=-lc -plugin-opt=-pass-through=-lgcc_s -plugin-opt=-pass-through=-lgcc --sysroot=/ --build-id --eh-frame-hdr -m elf_x86_64 --hash-style=gnu --as-needed -export-dynamic -dynamic-linker /lib64/ld-linux-x86-64.so.2 -z relro -o cmTC_ab2d5 /usr/lib/gcc/x86_64-linux-gnu/5/../../../x86_64-linux-gnu/crt1.o /usr/lib/gcc/x86_64-linux-gnu/5/../../../x86_64-linux-gnu/crti.o /usr/lib/gcc/x86_64-linux-gnu/5/crtbegin.o -L/usr/lib/gcc/x86_64-linux-gnu/5 -L/usr/lib/gcc/x86_64-linux-gnu/5/../../../x86_64-linux-gnu -L/usr/lib/gcc/x86_64-linux-gnu/5/../../../../lib -L/lib/x86_64-linux-gnu -L/lib/../lib -L/usr/lib/x86_64-linux-gnu -L/usr/lib/../lib -L/usr/lib/gcc/x86_64-linux-gnu/5/../../.. CMakeFiles/cmTC_ab2d5.dir/CMakeCXXCompilerABI.cpp.o -lstdc++ -lm -lgcc_s -lgcc -lc -lgcc_s -lgcc /usr/lib/gcc/x86_64-linux-gnu/5/crtend.o /usr/lib/gcc/x86_64-linux-gnu/5/../../../x86_64-linux-gnu/crtn.o]
    arg [/usr/lib/gcc/x86_64-linux-gnu/5/collect2] ==> ignore
    arg [-plugin] ==> ignore
    arg [/usr/lib/gcc/x86_64-linux-gnu/5/liblto_plugin.so] ==> ignore
    arg [-plugin-opt=/usr/lib/gcc/x86_64-linux-gnu/5/lto-wrapper] ==> ignore
    arg [-plugin-opt=-fresolution=/tmp/ccdQDIjI.res] ==> ignore
    arg [-plugin-opt=-pass-through=-lgcc_s] ==> ignore
    arg [-plugin-opt=-pass-through=-lgcc] ==> ignore
    arg [-plugin-opt=-pass-through=-lc] ==> ignore
    arg [-plugin-opt=-pass-through=-lgcc_s] ==> ignore
    arg [-plugin-opt=-pass-through=-lgcc] ==> ignore
    arg [--sysroot=/] ==> ignore
    arg [--build-id] ==> ignore
    arg [--eh-frame-hdr] ==> ignore
    arg [-m] ==> ignore
    arg [elf_x86_64] ==> ignore
    arg [--hash-style=gnu] ==> ignore
    arg [--as-needed] ==> ignore
    arg [-export-dynamic] ==> ignore
    arg [-dynamic-linker] ==> ignore
    arg [/lib64/ld-linux-x86-64.so.2] ==> ignore
    arg [-zrelro] ==> ignore
    arg [-o] ==> ignore
    arg [cmTC_ab2d5] ==> ignore
    arg [/usr/lib/gcc/x86_64-linux-gnu/5/../../../x86_64-linux-gnu/crt1.o] ==> ignore
    arg [/usr/lib/gcc/x86_64-linux-gnu/5/../../../x86_64-linux-gnu/crti.o] ==> ignore
    arg [/usr/lib/gcc/x86_64-linux-gnu/5/crtbegin.o] ==> ignore
    arg [-L/usr/lib/gcc/x86_64-linux-gnu/5] ==> dir [/usr/lib/gcc/x86_64-linux-gnu/5]
    arg [-L/usr/lib/gcc/x86_64-linux-gnu/5/../../../x86_64-linux-gnu] ==> dir [/usr/lib/gcc/x86_64-linux-gnu/5/../../../x86_64-linux-gnu]
    arg [-L/usr/lib/gcc/x86_64-linux-gnu/5/../../../../lib] ==> dir [/usr/lib/gcc/x86_64-linux-gnu/5/../../../../lib]
    arg [-L/lib/x86_64-linux-gnu] ==> dir [/lib/x86_64-linux-gnu]
    arg [-L/lib/../lib] ==> dir [/lib/../lib]
    arg [-L/usr/lib/x86_64-linux-gnu] ==> dir [/usr/lib/x86_64-linux-gnu]
    arg [-L/usr/lib/../lib] ==> dir [/usr/lib/../lib]
    arg [-L/usr/lib/gcc/x86_64-linux-gnu/5/../../..] ==> dir [/usr/lib/gcc/x86_64-linux-gnu/5/../../..]
    arg [CMakeFiles/cmTC_ab2d5.dir/CMakeCXXCompilerABI.cpp.o] ==> ignore
    arg [-lstdc++] ==> lib [stdc++]
    arg [-lm] ==> lib [m]
    arg [-lgcc_s] ==> lib [gcc_s]
    arg [-lgcc] ==> lib [gcc]
    arg [-lc] ==> lib [c]
    arg [-lgcc_s] ==> lib [gcc_s]
    arg [-lgcc] ==> lib [gcc]
    arg [/usr/lib/gcc/x86_64-linux-gnu/5/crtend.o] ==> ignore
    arg [/usr/lib/gcc/x86_64-linux-gnu/5/../../../x86_64-linux-gnu/crtn.o] ==> ignore
  remove lib [gcc_s]
  remove lib [gcc]
  remove lib [gcc_s]
  remove lib [gcc]
  collapse library dir [/usr/lib/gcc/x86_64-linux-gnu/5] ==> [/usr/lib/gcc/x86_64-linux-gnu/5]
  collapse library dir [/usr/lib/gcc/x86_64-linux-gnu/5/../../../x86_64-linux-gnu] ==> [/usr/lib/x86_64-linux-gnu]
  collapse library dir [/usr/lib/gcc/x86_64-linux-gnu/5/../../../../lib] ==> [/usr/lib]
  collapse library dir [/lib/x86_64-linux-gnu] ==> [/lib/x86_64-linux-gnu]
  collapse library dir [/lib/../lib] ==> [/lib]
  collapse library dir [/usr/lib/x86_64-linux-gnu] ==> [/usr/lib/x86_64-linux-gnu]
  collapse library dir [/usr/lib/../lib] ==> [/usr/lib]
  collapse library dir [/usr/lib/gcc/x86_64-linux-gnu/5/../../..] ==> [/usr/lib]
  implicit libs: [stdc++;m;c]
  implicit dirs: [/usr/lib/gcc/x86_64-linux-gnu/5;/usr/lib/x86_64-linux-gnu;/usr/lib;/lib/x86_64-linux-gnu;/lib]
  implicit fwks: []




Detecting CXX [-std=c++14] compiler features compiled with the following output:
Change Dir: /home/rvy/NTRTsim/OpenSceneGraph/CMakeFiles/CMakeTmp

Run Build Command:"/usr/bin/make" "cmTC_9a8cb/fast"
/usr/bin/make -f CMakeFiles/cmTC_9a8cb.dir/build.make CMakeFiles/cmTC_9a8cb.dir/build
make[1]: Entering directory '/home/rvy/NTRTsim/OpenSceneGraph/CMakeFiles/CMakeTmp'
Building CXX object CMakeFiles/cmTC_9a8cb.dir/feature_tests.cxx.o
/usr/bin/c++     -std=c++14 -o CMakeFiles/cmTC_9a8cb.dir/feature_tests.cxx.o -c /home/rvy/NTRTsim/OpenSceneGraph/CMakeFiles/feature_tests.cxx
Linking CXX executable cmTC_9a8cb
/usr/bin/cmake -E cmake_link_script CMakeFiles/cmTC_9a8cb.dir/link.txt --verbose=1
/usr/bin/c++        CMakeFiles/cmTC_9a8cb.dir/feature_tests.cxx.o  -o cmTC_9a8cb -rdynamic 
make[1]: Leaving directory '/home/rvy/NTRTsim/OpenSceneGraph/CMakeFiles/CMakeTmp'


    Feature record: CXX_FEATURE:1cxx_aggregate_default_initializers
    Feature record: CXX_FEATURE:1cxx_alias_templates
    Feature record: CXX_FEATURE:1cxx_alignas
    Feature record: CXX_FEATURE:1cxx_alignof
    Feature record: CXX_FEATURE:1cxx_attributes
    Feature record: CXX_FEATURE:1cxx_attribute_deprecated
    Feature record: CXX_FEATURE:1cxx_auto_type
    Feature record: CXX_FEATURE:1cxx_binary_literals
    Feature record: CXX_FEATURE:1cxx_constexpr
    Feature record: CXX_FEATURE:1cxx_contextual_conversions
    Feature record: CXX_FEATURE:1cxx_decltype
    Feature record: CXX_FEATURE:1cxx_decltype_auto
    Feature record: CXX_FEATURE:1cxx_decltype_incomplete_return_types
    Feature record: CXX_FEATURE:1cxx_default_function_template_args
    Feature record: CXX_FEATURE:1cxx_defaulted_functions
    Feature record: CXX_FEATURE:1cxx_defaulted_move_initializers
    Feature record: CXX_FEATURE:1cxx_delegating_constructors
    Feature record: CXX_FEATURE:1cxx_deleted_functions
    Feature record: CXX_FEATURE:1cxx_digit_separators
    Feature record: CXX_FEATURE:1cxx_enum_forward_declarations
    Feature record: CXX_FEATURE:1cxx_explicit_conversions
    Feature record: CXX_FEATURE:1cxx_extended_friend_declarations
    Feature record: CXX_FEATURE:1cxx_extern_templates
    Feature record: CXX_FEATURE:1cxx_final
    Feature record: CXX_FEATURE:1cxx_func_identifier
    Feature record: CXX_FEATURE:1cxx_generalized_initializers
    Feature record: CXX_FEATURE:1cxx_generic_lambdas
    Feature record: CXX_FEATURE:1cxx_inheriting_constructors
    Feature record: CXX_FEATURE:1cxx_inline_namespaces
    Feature record: CXX_FEATURE:1cxx_lambdas
    Feature record: CXX_FEATURE:1cxx_lambda_init_captures
    Feature record: CXX_FEATURE:1cxx_local_type_template_args
    Feature record: CXX_FEATURE:1cxx_long_long_type
    Feature record: CXX_FEATURE:1cxx_noexcept
    Feature record: CXX_FEATURE:1cxx_nonstatic_member_init
    Feature record: CXX_FEATURE:1cxx_nullptr
    Feature record: CXX_FEATURE:1cxx_override
    Feature record: CXX_FEATURE:1cxx_range_for
    Feature record: CXX_FEATURE:1cxx_raw_string_literals
    Feature record: CXX_FEATURE:1cxx_reference_qualified_functions
    Feature record: CXX_FEATURE:1cxx_relaxed_constexpr
    Feature record: CXX_FEATURE:1cxx_return_type_deduction
    Feature record: CXX_FEATURE:1cxx_right_angle_brackets
    Feature record: CXX_FEATURE:1cxx_rvalue_references
    Feature record: CXX_FEATURE:1cxx_sizeof_member
    Feature record: CXX_FEATURE:1cxx_static_assert
    Feature record: CXX_FEATURE:1cxx_strong_enums
    Feature record: CXX_FEATURE:1cxx_template_template_parameters
    Feature record: CXX_FEATURE:1cxx_thread_local
    Feature record: CXX_FEATURE:1cxx_trailing_return_types
    Feature record: CXX_FEATURE:1cxx_unicode_literals
    Feature record: CXX_FEATURE:1cxx_uniform_initialization
    Feature record: CXX_FEATURE:1cxx_unrestricted_unions
    Feature record: CXX_FEATURE:1cxx_user_literals
    Feature record: CXX_FEATURE:1cxx_variable_templates
    Feature record: CXX_FEATURE:1cxx_variadic_macros
    Feature record: CXX_FEATURE:1cxx_variadic_templates


Detecting CXX [-std=c++11] compiler features compiled with the following output:
Change Dir: /home/rvy/NTRTsim/OpenSceneGraph/CMakeFiles/CMakeTmp

Run Build Command:"/usr/bin/make" "cmTC_0f51a/fast"
/usr/bin/make -f CMakeFiles/cmTC_0f51a.dir/build.make CMakeFiles/cmTC_0f51a.dir/build
make[1]: Entering directory '/home/rvy/NTRTsim/OpenSceneGraph/CMakeFiles/CMakeTmp'
Building CXX object CMakeFiles/cmTC_0f51a.dir/feature_tests.cxx.o
/usr/bin/c++     -std=c++11 -o CMakeFiles/cmTC_0f51a.dir/feature_tests.cxx.o -c /home/rvy/NTRTsim/OpenSceneGraph/CMakeFiles/feature_tests.cxx
Linking CXX executable cmTC_0f51a
/usr/bin/cmake -E cmake_link_script CMakeFiles/cmTC_0f51a.dir/link.txt --verbose=1
/usr/bin/c++        CMakeFiles/cmTC_0f51a.dir/feature_tests.cxx.o  -o cmTC_0f51a -rdynamic 
make[1]: Leaving directory '/home/rvy/NTRTsim/OpenSceneGraph/CMakeFiles/CMakeTmp'


    Feature record: CXX_FEATURE:0cxx_aggregate_default_initializers
    Feature record: CXX_FEATURE:1cxx_alias_templates
    Feature record: CXX_FEATURE:1cxx_alignas
    Feature record: CXX_FEATURE:1cxx_alignof
    Feature record: CXX_FEATURE:1cxx_attributes
    Feature record: CXX_FEATURE:0cxx_attribute_deprecated
    Feature record: CXX_FEATURE:1cxx_auto_type
    Feature record: CXX_FEATURE:0cxx_binary_literals
    Feature record: CXX_FEATURE:1cxx_constexpr
    Feature record: CXX_FEATURE:0cxx_contextual_conversions
    Feature record: CXX_FEATURE:1cxx_decltype
    Feature record: CXX_FEATURE:0cxx_decltype_auto
    Feature record: CXX_FEATURE:1cxx_decltype_incomplete_return_types
    Feature record: CXX_FEATURE:1cxx_default_function_template_args
    Feature record: CXX_FEATURE:1cxx_defaulted_functions
    Feature record: CXX_FEATURE:1cxx_defaulted_move_initializers
    Feature record: CXX_FEATURE:1cxx_delegating_constructors
    Feature record: CXX_FEATURE:1cxx_deleted_functions
    Feature record: CXX_FEATURE:0cxx_digit_separators
    Feature record: CXX_FEATURE:1cxx_enum_forward_declarations
    Feature record: CXX_FEATURE:1cxx_explicit_conversions
    Feature record: CXX_FEATURE:1cxx_extended_friend_declarations
    Feature record: CXX_FEATURE:1cxx_extern_templates
    Feature record: CXX_FEATURE:1cxx_final
    Feature record: CXX_FEATURE:1cxx_func_identifier
    Feature record: CXX_FEATURE:1cxx_generalized_initializers
    Feature record: CXX_FEATURE:0cxx_generic_lambdas
    Feature record: CXX_FEATURE:1cxx_inheriting_constructors
    Feature record: CXX_FEATURE:1cxx_inline_namespaces
    Feature record: CXX_FEATURE:1cxx_lambdas
    Feature record: CXX_FEATURE:0cxx_lambda_init_captures
    Feature record: CXX_FEATURE:1cxx_local_type_template_args
    Feature record: CXX_FEATURE:1cxx_long_long_type
    Feature record: CXX_FEATURE:1cxx_noexcept
    Feature record: CXX_FEATURE:1cxx_nonstatic_member_init
    Feature record: CXX_FEATURE:1cxx_nullptr
    Feature record: CXX_FEATURE:1cxx_override
    Feature record: CXX_FEATURE:1cxx_range_for
    Feature record: CXX_FEATURE:1cxx_raw_string_literals
    Feature record: CXX_FEATURE:1cxx_reference_qualified_functions
    Feature record: CXX_FEATURE:0cxx_relaxed_constexpr
    Feature record: CXX_FEATURE:0cxx_return_type_deduction
    Feature record: CXX_FEATURE:1cxx_right_angle_brackets
    Feature record: CXX_FEATURE:1cxx_rvalue_references
    Feature record: CXX_FEATURE:1cxx_sizeof_member
    Feature record: CXX_FEATURE:1cxx_static_assert
    Feature record: CXX_FEATURE:1cxx_strong_enums
    Feature record: CXX_FEATURE:1cxx_template_template_parameters
    Feature record: CXX_FEATURE:1cxx_thread_local
    Feature record: CXX_FEATURE:1cxx_trailing_return_types
    Feature record: CXX_FEATURE:1cxx_unicode_literals
    Feature record: CXX_FEATURE:1cxx_uniform_initialization
    Feature record: CXX_FEATURE:1cxx_unrestricted_unions
    Feature record: CXX_FEATURE:1cxx_user_literals
    Feature record: CXX_FEATURE:0cxx_variable_templates
    Feature record: CXX_FEATURE:1cxx_variadic_macros
    Feature record: CXX_FEATURE:1cxx_variadic_templates


Detecting CXX [-std=c++98] compiler features compiled with the following output:
Change Dir: /home/rvy/NTRTsim/OpenSceneGraph/CMakeFiles/CMakeTmp

Run Build Command:"/usr/bin/make" "cmTC_284ad/fast"
/usr/bin/make -f CMakeFiles/cmTC_284ad.dir/build.make CMakeFiles/cmTC_284ad.dir/build
make[1]: Entering directory '/home/rvy/NTRTsim/OpenSceneGraph/CMakeFiles/CMakeTmp'
Building CXX object CMakeFiles/cmTC_284ad.dir/feature_tests.cxx.o
/usr/bin/c++     -std=c++98 -o CMakeFiles/cmTC_284ad.dir/feature_tests.cxx.o -c /home/rvy/NTRTsim/OpenSceneGraph/CMakeFiles/feature_tests.cxx
Linking CXX executable cmTC_284ad
/usr/bin/cmake -E cmake_link_script CMakeFiles/cmTC_284ad.dir/link.txt --verbose=1
/usr/bin/c++        CMakeFiles/cmTC_284ad.dir/feature_tests.cxx.o  -o cmTC_284ad -rdynamic 
make[1]: Leaving directory '/home/rvy/NTRTsim/OpenSceneGraph/CMakeFiles/CMakeTmp'


    Feature record: CXX_FEATURE:0cxx_aggregate_default_initializers
    Feature record: CXX_FEATURE:0cxx_alias_templates
    Feature record: CXX_FEATURE:0cxx_alignas
    Feature record: CXX_FEATURE:0cxx_alignof
    Feature record: CXX_FEATURE:0cxx_attributes
    Feature record: CXX_FEATURE:0cxx_attribute_deprecated
    Feature record: CXX_FEATURE:0cxx_auto_type
    Feature record: CXX_FEATURE:0cxx_binary_literals
    Feature record: CXX_FEATURE:0cxx_constexpr
    Feature record: CXX_FEATURE:0cxx_contextual_conversions
    Feature record: CXX_FEATURE:0cxx_decltype
    Feature record: CXX_FEATURE:0cxx_decltype_auto
    Feature record: CXX_FEATURE:0cxx_decltype_incomplete_return_types
    Feature record: CXX_FEATURE:0cxx_default_function_template_args
    Feature record: CXX_FEATURE:0cxx_defaulted_functions
    Feature record: CXX_FEATURE:0cxx_defaulted_move_initializers
    Feature record: CXX_FEATURE:0cxx_delegating_constructors
    Feature record: CXX_FEATURE:0cxx_deleted_functions
    Feature record: CXX_FEATURE:0cxx_digit_separators
    Feature record: CXX_FEATURE:0cxx_enum_forward_declarations
    Feature record: CXX_FEATURE:0cxx_explicit_conversions
    Feature record: CXX_FEATURE:0cxx_extended_friend_declarations
    Feature record: CXX_FEATURE:0cxx_extern_templates
    Feature record: CXX_FEATURE:0cxx_final
    Feature record: CXX_FEATURE:0cxx_func_identifier
    Feature record: CXX_FEATURE:0cxx_generalized_initializers
    Feature record: CXX_FEATURE:0cxx_generic_lambdas
    Feature record: CXX_FEATURE:0cxx_inheriting_constructors
    Feature record: CXX_FEATURE:0cxx_inline_namespaces
    Feature record: CXX_FEATURE:0cxx_lambdas
    Feature record: CXX_FEATURE:0cxx_lambda_init_captures
    Feature record: CXX_FEATURE:0cxx_local_type_template_args
    Feature record: CXX_FEATURE:0cxx_long_long_type
    Feature record: CXX_FEATURE:0cxx_noexcept
    Feature record: CXX_FEATURE:0cxx_nonstatic_member_init
    Feature record: CXX_FEATURE:0cxx_nullptr
    Feature record: CXX_FEATURE:0cxx_override
    Feature record: CXX_FEATURE:0cxx_range_for
    Feature record: CXX_FEATURE:0cxx_raw_string_literals
    Feature record: CXX_FEATURE:0cxx_reference_qualified_functions
    Feature record: CXX_FEATURE:0cxx_relaxed_constexpr
    Feature record: CXX_FEATURE:0cxx_return_type_deduction
    Feature record: CXX_FEATURE:0cxx_right_angle_brackets
    Feature record: CXX_FEATURE:0cxx_rvalue_references
    Feature record: CXX_FEATURE:0cxx_sizeof_member
    Feature record: CXX_FEATURE:0cxx_static_assert
    Feature record: CXX_FEATURE:0cxx_strong_enums
    Feature record: CXX_FEATURE:1cxx_template_template_parameters
    Feature record: CXX_FEATURE:0cxx_thread_local
    Feature record: CXX_FEATURE:0cxx_trailing_return_types
    Feature record: CXX_FEATURE:0cxx_unicode_literals
    Feature record: CXX_FEATURE:0cxx_uniform_initialization
    Feature record: CXX_FEATURE:0cxx_unrestricted_unions
    Feature record: CXX_FEATURE:0cxx_user_literals
    Feature record: CXX_FEATURE:0cxx_variable_templates
    Feature record: CXX_FEATURE:0cxx_variadic_macros
    Feature record: CXX_FEATURE:0cxx_variadic_templates
Determining if the include file pthread.h exists passed with the following output:
Change Dir: /home/rvy/NTRTsim/OpenSceneGraph/CMakeFiles/CMakeTmp

Run Build Command:"/usr/bin/make" "cmTC_e986e/fast"
/usr/bin/make -f CMakeFiles/cmTC_e986e.dir/build.make CMakeFiles/cmTC_e986e.dir/build
make[1]: Entering directory '/home/rvy/NTRTsim/OpenSceneGraph/CMakeFiles/CMakeTmp'
Building C object CMakeFiles/cmTC_e986e.dir/CheckIncludeFile.c.o
/usr/bin/cc     -o CMakeFiles/cmTC_e986e.dir/CheckIncludeFile.c.o   -c /home/rvy/NTRTsim/OpenSceneGraph/CMakeFiles/CMakeTmp/CheckIncludeFile.c
Linking C executable cmTC_e986e
/usr/bin/cmake -E cmake_link_script CMakeFiles/cmTC_e986e.dir/link.txt --verbose=1
/usr/bin/cc       CMakeFiles/cmTC_e986e.dir/CheckIncludeFile.c.o  -o cmTC_e986e -rdynamic 
make[1]: Leaving directory '/home/rvy/NTRTsim/OpenSceneGraph/CMakeFiles/CMakeTmp'


Determining if the function pthread_create exists in the pthread passed with the following output:
Change Dir: /home/rvy/NTRTsim/OpenSceneGraph/CMakeFiles/CMakeTmp

Run Build Command:"/usr/bin/make" "cmTC_d073f/fast"
/usr/bin/make -f CMakeFiles/cmTC_d073f.dir/build.make CMakeFiles/cmTC_d073f.dir/build
make[1]: Entering directory '/home/rvy/NTRTsim/OpenSceneGraph/CMakeFiles/CMakeTmp'
Building C object CMakeFiles/cmTC_d073f.dir/CheckFunctionExists.c.o
/usr/bin/cc    -DCHECK_FUNCTION_EXISTS=pthread_create   -o CMakeFiles/cmTC_d073f.dir/CheckFunctionExists.c.o   -c /usr/share/cmake-3.5/Modules/CheckFunctionExists.c
Linking C executable cmTC_d073f
/usr/bin/cmake -E cmake_link_script CMakeFiles/cmTC_d073f.dir/link.txt --verbose=1
/usr/bin/cc   -DCHECK_FUNCTION_EXISTS=pthread_create    CMakeFiles/cmTC_d073f.dir/CheckFunctionExists.c.o  -o cmTC_d073f -rdynamic -lpthread 
make[1]: Leaving directory '/home/rvy/NTRTsim/OpenSceneGraph/CMakeFiles/CMakeTmp'


Determining if the function XOpenDisplay exists in the /usr/lib/x86_64-linux-gnu/libX11.so;/usr/lib/x86_64-linux-gnu/libXext.so passed with the following output:
Change Dir: /home/rvy/NTRTsim/OpenSceneGraph/CMakeFiles/CMakeTmp

Run Build Command:"/usr/bin/make" "cmTC_c4532/fast"
/usr/bin/make -f CMakeFiles/cmTC_c4532.dir/build.make CMakeFiles/cmTC_c4532.dir/build
make[1]: Entering directory '/home/rvy/NTRTsim/OpenSceneGraph/CMakeFiles/CMakeTmp'
Building C object CMakeFiles/cmTC_c4532.dir/CheckFunctionExists.c.o
/usr/bin/cc    -DCHECK_FUNCTION_EXISTS=XOpenDisplay   -o CMakeFiles/cmTC_c4532.dir/CheckFunctionExists.c.o   -c /usr/share/cmake-3.5/Modules/CheckFunctionExists.c
Linking C executable cmTC_c4532
/usr/bin/cmake -E cmake_link_script CMakeFiles/cmTC_c4532.dir/link.txt --verbose=1
/usr/bin/cc   -DCHECK_FUNCTION_EXISTS=XOpenDisplay    CMakeFiles/cmTC_c4532.dir/CheckFunctionExists.c.o  -o cmTC_c4532 -rdynamic /usr/lib/x86_64-linux-gnu/libX11.so /usr/lib/x86_64-linux-gnu/libXext.so 
make[1]: Leaving directory '/home/rvy/NTRTsim/OpenSceneGraph/CMakeFiles/CMakeTmp'


Determining if the function gethostbyname exists passed with the following output:
Change Dir: /home/rvy/NTRTsim/OpenSceneGraph/CMakeFiles/CMakeTmp

Run Build Command:"/usr/bin/make" "cmTC_8bac8/fast"
/usr/bin/make -f CMakeFiles/cmTC_8bac8.dir/build.make CMakeFiles/cmTC_8bac8.dir/build
make[1]: Entering directory '/home/rvy/NTRTsim/OpenSceneGraph/CMakeFiles/CMakeTmp'
Building C object CMakeFiles/cmTC_8bac8.dir/CheckFunctionExists.c.o
/usr/bin/cc    -DCHECK_FUNCTION_EXISTS=gethostbyname   -o CMakeFiles/cmTC_8bac8.dir/CheckFunctionExists.c.o   -c /usr/share/cmake-3.5/Modules/CheckFunctionExists.c
Linking C executable cmTC_8bac8
/usr/bin/cmake -E cmake_link_script CMakeFiles/cmTC_8bac8.dir/link.txt --verbose=1
/usr/bin/cc   -DCHECK_FUNCTION_EXISTS=gethostbyname    CMakeFiles/cmTC_8bac8.dir/CheckFunctionExists.c.o  -o cmTC_8bac8 -rdynamic 
make[1]: Leaving directory '/home/rvy/NTRTsim/OpenSceneGraph/CMakeFiles/CMakeTmp'


Determining if the function connect exists passed with the following output:
Change Dir: /home/rvy/NTRTsim/OpenSceneGraph/CMakeFiles/CMakeTmp

Run Build Command:"/usr/bin/make" "cmTC_5429d/fast"
/usr/bin/make -f CMakeFiles/cmTC_5429d.dir/build.make CMakeFiles/cmTC_5429d.dir/build
make[1]: Entering directory '/home/rvy/NTRTsim/OpenSceneGraph/CMakeFiles/CMakeTmp'
Building C object CMakeFiles/cmTC_5429d.dir/CheckFunctionExists.c.o
/usr/bin/cc    -DCHECK_FUNCTION_EXISTS=connect   -o CMakeFiles/cmTC_5429d.dir/CheckFunctionExists.c.o   -c /usr/share/cmake-3.5/Modules/CheckFunctionExists.c
Linking C executable cmTC_5429d
/usr/bin/cmake -E cmake_link_script CMakeFiles/cmTC_5429d.dir/link.txt --verbose=1
/usr/bin/cc   -DCHECK_FUNCTION_EXISTS=connect    CMakeFiles/cmTC_5429d.dir/CheckFunctionExists.c.o  -o cmTC_5429d -rdynamic 
make[1]: Leaving directory '/home/rvy/NTRTsim/OpenSceneGraph/CMakeFiles/CMakeTmp'


Determining if the function remove exists passed with the following output:
Change Dir: /home/rvy/NTRTsim/OpenSceneGraph/CMakeFiles/CMakeTmp

Run Build Command:"/usr/bin/make" "cmTC_a7bb2/fast"
/usr/bin/make -f CMakeFiles/cmTC_a7bb2.dir/build.make CMakeFiles/cmTC_a7bb2.dir/build
make[1]: Entering directory '/home/rvy/NTRTsim/OpenSceneGraph/CMakeFiles/CMakeTmp'
Building C object CMakeFiles/cmTC_a7bb2.dir/CheckFunctionExists.c.o
/usr/bin/cc    -DCHECK_FUNCTION_EXISTS=remove   -o CMakeFiles/cmTC_a7bb2.dir/CheckFunctionExists.c.o   -c /usr/share/cmake-3.5/Modules/CheckFunctionExists.c
Linking C executable cmTC_a7bb2
/usr/bin/cmake -E cmake_link_script CMakeFiles/cmTC_a7bb2.dir/link.txt --verbose=1
/usr/bin/cc   -DCHECK_FUNCTION_EXISTS=remove    CMakeFiles/cmTC_a7bb2.dir/CheckFunctionExists.c.o  -o cmTC_a7bb2 -rdynamic 
make[1]: Leaving directory '/home/rvy/NTRTsim/OpenSceneGraph/CMakeFiles/CMakeTmp'


Determining if the function shmat exists passed with the following output:
Change Dir: /home/rvy/NTRTsim/OpenSceneGraph/CMakeFiles/CMakeTmp

Run Build Command:"/usr/bin/make" "cmTC_bed63/fast"
/usr/bin/make -f CMakeFiles/cmTC_bed63.dir/build.make CMakeFiles/cmTC_bed63.dir/build
make[1]: Entering directory '/home/rvy/NTRTsim/OpenSceneGraph/CMakeFiles/CMakeTmp'
Building C object CMakeFiles/cmTC_bed63.dir/CheckFunctionExists.c.o
/usr/bin/cc    -DCHECK_FUNCTION_EXISTS=shmat   -o CMakeFiles/cmTC_bed63.dir/CheckFunctionExists.c.o   -c /usr/share/cmake-3.5/Modules/CheckFunctionExists.c
Linking C executable cmTC_bed63
/usr/bin/cmake -E cmake_link_script CMakeFiles/cmTC_bed63.dir/link.txt --verbose=1
/usr/bin/cc   -DCHECK_FUNCTION_EXISTS=shmat    CMakeFiles/cmTC_bed63.dir/CheckFunctionExists.c.o  -o cmTC_bed63 -rdynamic 
make[1]: Leaving directory '/home/rvy/NTRTsim/OpenSceneGraph/CMakeFiles/CMakeTmp'


Determining if the function IceConnectionNumber exists in the ICE passed with the following output:
Change Dir: /home/rvy/NTRTsim/OpenSceneGraph/CMakeFiles/CMakeTmp

Run Build Command:"/usr/bin/make" "cmTC_61f72/fast"
/usr/bin/make -f CMakeFiles/cmTC_61f72.dir/build.make CMakeFiles/cmTC_61f72.dir/build
make[1]: Entering directory '/home/rvy/NTRTsim/OpenSceneGraph/CMakeFiles/CMakeTmp'
Building C object CMakeFiles/cmTC_61f72.dir/CheckFunctionExists.c.o
/usr/bin/cc    -DCHECK_FUNCTION_EXISTS=IceConnectionNumber   -o CMakeFiles/cmTC_61f72.dir/CheckFunctionExists.c.o   -c /usr/share/cmake-3.5/Modules/CheckFunctionExists.c
Linking C executable cmTC_61f72
/usr/bin/cmake -E cmake_link_script CMakeFiles/cmTC_61f72.dir/link.txt --verbose=1
/usr/bin/cc   -DCHECK_FUNCTION_EXISTS=IceConnectionNumber    CMakeFiles/cmTC_61f72.dir/CheckFunctionExists.c.o  -o cmTC_61f72 -rdynamic -lICE 
make[1]: Leaving directory '/home/rvy/NTRTsim/OpenSceneGraph/CMakeFiles/CMakeTmp'


Performing C++ SOURCE FILE Test GL_HEADER_HAS_GLINT64 succeeded with the following output:
Change Dir: /home/rvy/NTRTsim/OpenSceneGraph/CMakeFiles/CMakeTmp

Run Build Command:"/usr/bin/make" "cmTC_ab167/fast"
/usr/bin/make -f CMakeFiles/cmTC_ab167.dir/build.make CMakeFiles/cmTC_ab167.dir/build
make[1]: Entering directory '/home/rvy/NTRTsim/OpenSceneGraph/CMakeFiles/CMakeTmp'
Building CXX object CMakeFiles/cmTC_ab167.dir/src.cxx.o
/usr/bin/c++     -DGL_HEADER_HAS_GLINT64   -o CMakeFiles/cmTC_ab167.dir/src.cxx.o -c /home/rvy/NTRTsim/OpenSceneGraph/CMakeFiles/CMakeTmp/src.cxx
Linking CXX executable cmTC_ab167
/usr/bin/cmake -E cmake_link_script CMakeFiles/cmTC_ab167.dir/link.txt --verbose=1
/usr/bin/c++    -DGL_HEADER_HAS_GLINT64    CMakeFiles/cmTC_ab167.dir/src.cxx.o  -o cmTC_ab167 -rdynamic 
make[1]: Leaving directory '/home/rvy/NTRTsim/OpenSceneGraph/CMakeFiles/CMakeTmp'

Source file was:
#include <GL/gl.h>
    
    int main() { GLint64 test; return 0; }
Performing C++ SOURCE FILE Test GL_HEADER_HAS_GLUINT64 succeeded with the following output:
Change Dir: /home/rvy/NTRTsim/OpenSceneGraph/CMakeFiles/CMakeTmp

Run Build Command:"/usr/bin/make" "cmTC_64fad/fast"
/usr/bin/make -f CMakeFiles/cmTC_64fad.dir/build.make CMakeFiles/cmTC_64fad.dir/build
make[1]: Entering directory '/home/rvy/NTRTsim/OpenSceneGraph/CMakeFiles/CMakeTmp'
Building CXX object CMakeFiles/cmTC_64fad.dir/src.cxx.o
/usr/bin/c++     -DGL_HEADER_HAS_GLUINT64   -o CMakeFiles/cmTC_64fad.dir/src.cxx.o -c /home/rvy/NTRTsim/OpenSceneGraph/CMakeFiles/CMakeTmp/src.cxx
Linking CXX executable cmTC_64fad
/usr/bin/cmake -E cmake_link_script CMakeFiles/cmTC_64fad.dir/link.txt --verbose=1
/usr/bin/c++    -DGL_HEADER_HAS_GLUINT64    CMakeFiles/cmTC_64fad.dir/src.cxx.o  -o cmTC_64fad -rdynamic 
make[1]: Leaving directory '/home/rvy/NTRTsim/OpenSceneGraph/CMakeFiles/CMakeTmp'

Source file was:
#include <GL/gl.h>
    
    int main() { GLuint64 test; return 0; }
Performing C++ SOURCE FILE Test _OPENTHREADS_ATOMIC_USE_GCC_BUILTINS succeeded with the following output:
Change Dir: /home/rvy/NTRTsim/OpenSceneGraph/CMakeFiles/CMakeTmp

Run Build Command:"/usr/bin/make" "cmTC_7f121/fast"
/usr/bin/make -f CMakeFiles/cmTC_7f121.dir/build.make CMakeFiles/cmTC_7f121.dir/build
make[1]: Entering directory '/home/rvy/NTRTsim/OpenSceneGraph/CMakeFiles/CMakeTmp'
Building CXX object CMakeFiles/cmTC_7f121.dir/src.cxx.o
/usr/bin/c++     -Wall -Wparentheses -Wno-long-long -Wno-import -pedantic -Wreturn-type -Wmissing-braces -Wunknown-pragmas -Wunused -Wmaybe-uninitialized -Wextra -Wshadow -D_OPENTHREADS_ATOMIC_USE_GCC_BUILTINS   -o CMakeFiles/cmTC_7f121.dir/src.cxx.o -c /home/rvy/NTRTsim/OpenSceneGraph/CMakeFiles/CMakeTmp/src.cxx
Linking CXX executable cmTC_7f121
/usr/bin/cmake -E cmake_link_script CMakeFiles/cmTC_7f121.dir/link.txt --verbose=1
/usr/bin/c++    -Wall -Wparentheses -Wno-long-long -Wno-import -pedantic -Wreturn-type -Wmissing-braces -Wunknown-pragmas -Wunused -Wmaybe-uninitialized -Wextra -Wshadow -D_OPENTHREADS_ATOMIC_USE_GCC_BUILTINS    CMakeFiles/cmTC_7f121.dir/src.cxx.o  -o cmTC_7f121 -rdynamic 
make[1]: Leaving directory '/home/rvy/NTRTsim/OpenSceneGraph/CMakeFiles/CMakeTmp'

Return value: 1
Source file was:

       #include <cstdlib>

       int main()
       {
          unsigned value = 0;
          void* ptr = &value;
          __sync_add_and_fetch(&value, 1);
          __sync_synchronize();
          __sync_sub_and_fetch(&value, 1);
          if (!__sync_bool_compare_and_swap(&value, 0, 1))
             return EXIT_FAILURE;

          if (!__sync_bool_compare_and_swap(&ptr, ptr, ptr))
             return EXIT_FAILURE;

          return EXIT_SUCCESS;
       }
       
Determining if the function pthread_yield exists passed with the following output:
Change Dir: /home/rvy/NTRTsim/OpenSceneGraph/CMakeFiles/CMakeTmp

Run Build Command:"/usr/bin/make" "cmTC_be98c/fast"
/usr/bin/make -f CMakeFiles/cmTC_be98c.dir/build.make CMakeFiles/cmTC_be98c.dir/build
make[1]: Entering directory '/home/rvy/NTRTsim/OpenSceneGraph/CMakeFiles/CMakeTmp'
Building C object CMakeFiles/cmTC_be98c.dir/CheckFunctionExists.c.o
/usr/bin/cc    -DCHECK_FUNCTION_EXISTS=pthread_yield   -o CMakeFiles/cmTC_be98c.dir/CheckFunctionExists.c.o   -c /usr/share/cmake-3.5/Modules/CheckFunctionExists.c
Linking C executable cmTC_be98c
/usr/bin/cmake -E cmake_link_script CMakeFiles/cmTC_be98c.dir/link.txt --verbose=1
/usr/bin/cc   -DCHECK_FUNCTION_EXISTS=pthread_yield    CMakeFiles/cmTC_be98c.dir/CheckFunctionExists.c.o  -o cmTC_be98c -rdynamic -lpthread 
make[1]: Leaving directory '/home/rvy/NTRTsim/OpenSceneGraph/CMakeFiles/CMakeTmp'


Determining if the function pthread_setconcurrency exists passed with the following output:
Change Dir: /home/rvy/NTRTsim/OpenSceneGraph/CMakeFiles/CMakeTmp

Run Build Command:"/usr/bin/make" "cmTC_55729/fast"
/usr/bin/make -f CMakeFiles/cmTC_55729.dir/build.make CMakeFiles/cmTC_55729.dir/build
make[1]: Entering directory '/home/rvy/NTRTsim/OpenSceneGraph/CMakeFiles/CMakeTmp'
Building C object CMakeFiles/cmTC_55729.dir/CheckFunctionExists.c.o
/usr/bin/cc  -D_GNU_SOURCE  -DCHECK_FUNCTION_EXISTS=pthread_setconcurrency   -o CMakeFiles/cmTC_55729.dir/CheckFunctionExists.c.o   -c /usr/share/cmake-3.5/Modules/CheckFunctionExists.c
Linking C executable cmTC_55729
/usr/bin/cmake -E cmake_link_script CMakeFiles/cmTC_55729.dir/link.txt --verbose=1
/usr/bin/cc   -DCHECK_FUNCTION_EXISTS=pthread_setconcurrency    CMakeFiles/cmTC_55729.dir/CheckFunctionExists.c.o  -o cmTC_55729 -rdynamic -lpthread 
make[1]: Leaving directory '/home/rvy/NTRTsim/OpenSceneGraph/CMakeFiles/CMakeTmp'


Determining if the function pthread_getconcurrency exists passed with the following output:
Change Dir: /home/rvy/NTRTsim/OpenSceneGraph/CMakeFiles/CMakeTmp

Run Build Command:"/usr/bin/make" "cmTC_435ff/fast"
/usr/bin/make -f CMakeFiles/cmTC_435ff.dir/build.make CMakeFiles/cmTC_435ff.dir/build
make[1]: Entering directory '/home/rvy/NTRTsim/OpenSceneGraph/CMakeFiles/CMakeTmp'
Building C object CMakeFiles/cmTC_435ff.dir/CheckFunctionExists.c.o
/usr/bin/cc  -D_GNU_SOURCE  -DCHECK_FUNCTION_EXISTS=pthread_getconcurrency   -o CMakeFiles/cmTC_435ff.dir/CheckFunctionExists.c.o   -c /usr/share/cmake-3.5/Modules/CheckFunctionExists.c
Linking C executable cmTC_435ff
/usr/bin/cmake -E cmake_link_script CMakeFiles/cmTC_435ff.dir/link.txt --verbose=1
/usr/bin/cc   -DCHECK_FUNCTION_EXISTS=pthread_getconcurrency    CMakeFiles/cmTC_435ff.dir/CheckFunctionExists.c.o  -o cmTC_435ff -rdynamic -lpthread 
make[1]: Leaving directory '/home/rvy/NTRTsim/OpenSceneGraph/CMakeFiles/CMakeTmp'


Determining if the function pthread_setaffinity_np exists passed with the following output:
Change Dir: /home/rvy/NTRTsim/OpenSceneGraph/CMakeFiles/CMakeTmp

Run Build Command:"/usr/bin/make" "cmTC_359c4/fast"
/usr/bin/make -f CMakeFiles/cmTC_359c4.dir/build.make CMakeFiles/cmTC_359c4.dir/build
make[1]: Entering directory '/home/rvy/NTRTsim/OpenSceneGraph/CMakeFiles/CMakeTmp'
Building C object CMakeFiles/cmTC_359c4.dir/CheckFunctionExists.c.o
/usr/bin/cc  -D_GNU_SOURCE  -DCHECK_FUNCTION_EXISTS=pthread_setaffinity_np   -o CMakeFiles/cmTC_359c4.dir/CheckFunctionExists.c.o   -c /usr/share/cmake-3.5/Modules/CheckFunctionExists.c
Linking C executable cmTC_359c4
/usr/bin/cmake -E cmake_link_script CMakeFiles/cmTC_359c4.dir/link.txt --verbose=1
/usr/bin/cc   -DCHECK_FUNCTION_EXISTS=pthread_setaffinity_np    CMakeFiles/cmTC_359c4.dir/CheckFunctionExists.c.o  -o cmTC_359c4 -rdynamic -lpthread 
make[1]: Leaving directory '/home/rvy/NTRTsim/OpenSceneGraph/CMakeFiles/CMakeTmp'


Performing C++ SOURCE FILE Test COMPILES_PTHREAD_SETAFFINITY_NP succeeded with the following output:
Change Dir: /home/rvy/NTRTsim/OpenSceneGraph/CMakeFiles/CMakeTmp

Run Build Command:"/usr/bin/make" "cmTC_4fded/fast"
/usr/bin/make -f CMakeFiles/cmTC_4fded.dir/build.make CMakeFiles/cmTC_4fded.dir/build
make[1]: Entering directory '/home/rvy/NTRTsim/OpenSceneGraph/CMakeFiles/CMakeTmp'
Building CXX object CMakeFiles/cmTC_4fded.dir/src.cxx.o
/usr/bin/c++   -D_GNU_SOURCE  -Wall -Wparentheses -Wno-long-long -Wno-import -pedantic -Wreturn-type -Wmissing-braces -Wunknown-pragmas -Wunused -Wmaybe-uninitialized  -Wshadow -DCOMPILES_PTHREAD_SETAFFINITY_NP   -o CMakeFiles/cmTC_4fded.dir/src.cxx.o -c /home/rvy/NTRTsim/OpenSceneGraph/CMakeFiles/CMakeTmp/src.cxx
Linking CXX executable cmTC_4fded
/usr/bin/cmake -E cmake_link_script CMakeFiles/cmTC_4fded.dir/link.txt --verbose=1
/usr/bin/c++    -Wall -Wparentheses -Wno-long-long -Wno-import -pedantic -Wreturn-type -Wmissing-braces -Wunknown-pragmas -Wunused -Wmaybe-uninitialized  -Wshadow -DCOMPILES_PTHREAD_SETAFFINITY_NP    CMakeFiles/cmTC_4fded.dir/src.cxx.o  -o cmTC_4fded -rdynamic -lpthread 
make[1]: Leaving directory '/home/rvy/NTRTsim/OpenSceneGraph/CMakeFiles/CMakeTmp'

Source file was:

            #include <pthread.h>
            int main() {
            cpu_set_t cpumask;
            CPU_ZERO( &cpumask );
            CPU_SET( 0, &cpumask );
            pthread_setaffinity_np( pthread_self(), sizeof(cpumask), &cpumask);
            return 0;
            }
Determining if the function gethostbyname exists in the nsl passed with the following output:
Change Dir: /home/rvy/NTRTsim/OpenSceneGraph/CMakeFiles/CMakeTmp

Run Build Command:"/usr/bin/make" "cmTC_0d738/fast"
/usr/bin/make -f CMakeFiles/cmTC_0d738.dir/build.make CMakeFiles/cmTC_0d738.dir/build
make[1]: Entering directory '/home/rvy/NTRTsim/OpenSceneGraph/CMakeFiles/CMakeTmp'
Building C object CMakeFiles/cmTC_0d738.dir/CheckFunctionExists.c.o
/usr/bin/cc    -DCHECK_FUNCTION_EXISTS=gethostbyname   -o CMakeFiles/cmTC_0d738.dir/CheckFunctionExists.c.o   -c /usr/share/cmake-3.5/Modules/CheckFunctionExists.c
Linking C executable cmTC_0d738
/usr/bin/cmake -E cmake_link_script CMakeFiles/cmTC_0d738.dir/link.txt --verbose=1
/usr/bin/cc   -DCHECK_FUNCTION_EXISTS=gethostbyname    CMakeFiles/cmTC_0d738.dir/CheckFunctionExists.c.o  -o cmTC_0d738 -rdynamic -lnsl 
make[1]: Leaving directory '/home/rvy/NTRTsim/OpenSceneGraph/CMakeFiles/CMakeTmp'


Determining if the include file pthread.h exists passed with the following output:
Change Dir: /home/robin/NTRTsim/OpenSceneGraph/CMakeFiles/CMakeTmp

Run Build Command:"/usr/bin/make" "cmTC_1c0b9/fast"
/usr/bin/make -f CMakeFiles/cmTC_1c0b9.dir/build.make CMakeFiles/cmTC_1c0b9.dir/build
make[1]: Entering directory '/home/robin/NTRTsim/OpenSceneGraph/CMakeFiles/CMakeTmp'
Building C object CMakeFiles/cmTC_1c0b9.dir/CheckIncludeFile.c.o
/usr/bin/cc     -o CMakeFiles/cmTC_1c0b9.dir/CheckIncludeFile.c.o   -c /home/robin/NTRTsim/OpenSceneGraph/CMakeFiles/CMakeTmp/CheckIncludeFile.c
Linking C executable cmTC_1c0b9
/usr/bin/cmake -E cmake_link_script CMakeFiles/cmTC_1c0b9.dir/link.txt --verbose=1
/usr/bin/cc       CMakeFiles/cmTC_1c0b9.dir/CheckIncludeFile.c.o  -o cmTC_1c0b9 -rdynamic 
make[1]: Leaving directory '/home/robin/NTRTsim/OpenSceneGraph/CMakeFiles/CMakeTmp'


Determining if the function pthread_create exists in the pthread passed with the following output:
Change Dir: /home/robin/NTRTsim/OpenSceneGraph/CMakeFiles/CMakeTmp

Run Build Command:"/usr/bin/make" "cmTC_2fa67/fast"
/usr/bin/make -f CMakeFiles/cmTC_2fa67.dir/build.make CMakeFiles/cmTC_2fa67.dir/build
make[1]: Entering directory '/home/robin/NTRTsim/OpenSceneGraph/CMakeFiles/CMakeTmp'
Building C object CMakeFiles/cmTC_2fa67.dir/CheckFunctionExists.c.o
/usr/bin/cc    -DCHECK_FUNCTION_EXISTS=pthread_create   -o CMakeFiles/cmTC_2fa67.dir/CheckFunctionExists.c.o   -c /usr/share/cmake-3.5/Modules/CheckFunctionExists.c
Linking C executable cmTC_2fa67
/usr/bin/cmake -E cmake_link_script CMakeFiles/cmTC_2fa67.dir/link.txt --verbose=1
/usr/bin/cc   -DCHECK_FUNCTION_EXISTS=pthread_create    CMakeFiles/cmTC_2fa67.dir/CheckFunctionExists.c.o  -o cmTC_2fa67 -rdynamic -lpthread 
make[1]: Leaving directory '/home/robin/NTRTsim/OpenSceneGraph/CMakeFiles/CMakeTmp'


Determining if the function XOpenDisplay exists in the /usr/lib/x86_64-linux-gnu/libX11.so;/usr/lib/x86_64-linux-gnu/libXext.so passed with the following output:
Change Dir: /home/robin/NTRTsim/OpenSceneGraph/CMakeFiles/CMakeTmp

Run Build Command:"/usr/bin/make" "cmTC_2bb5d/fast"
/usr/bin/make -f CMakeFiles/cmTC_2bb5d.dir/build.make CMakeFiles/cmTC_2bb5d.dir/build
make[1]: Entering directory '/home/robin/NTRTsim/OpenSceneGraph/CMakeFiles/CMakeTmp'
Building C object CMakeFiles/cmTC_2bb5d.dir/CheckFunctionExists.c.o
/usr/bin/cc    -DCHECK_FUNCTION_EXISTS=XOpenDisplay   -o CMakeFiles/cmTC_2bb5d.dir/CheckFunctionExists.c.o   -c /usr/share/cmake-3.5/Modules/CheckFunctionExists.c
Linking C executable cmTC_2bb5d
/usr/bin/cmake -E cmake_link_script CMakeFiles/cmTC_2bb5d.dir/link.txt --verbose=1
/usr/bin/cc   -DCHECK_FUNCTION_EXISTS=XOpenDisplay    CMakeFiles/cmTC_2bb5d.dir/CheckFunctionExists.c.o  -o cmTC_2bb5d -rdynamic /usr/lib/x86_64-linux-gnu/libX11.so /usr/lib/x86_64-linux-gnu/libXext.so 
make[1]: Leaving directory '/home/robin/NTRTsim/OpenSceneGraph/CMakeFiles/CMakeTmp'


Determining if the function gethostbyname exists passed with the following output:
Change Dir: /home/robin/NTRTsim/OpenSceneGraph/CMakeFiles/CMakeTmp

Run Build Command:"/usr/bin/make" "cmTC_175ac/fast"
/usr/bin/make -f CMakeFiles/cmTC_175ac.dir/build.make CMakeFiles/cmTC_175ac.dir/build
make[1]: Entering directory '/home/robin/NTRTsim/OpenSceneGraph/CMakeFiles/CMakeTmp'
Building C object CMakeFiles/cmTC_175ac.dir/CheckFunctionExists.c.o
/usr/bin/cc    -DCHECK_FUNCTION_EXISTS=gethostbyname   -o CMakeFiles/cmTC_175ac.dir/CheckFunctionExists.c.o   -c /usr/share/cmake-3.5/Modules/CheckFunctionExists.c
Linking C executable cmTC_175ac
/usr/bin/cmake -E cmake_link_script CMakeFiles/cmTC_175ac.dir/link.txt --verbose=1
/usr/bin/cc   -DCHECK_FUNCTION_EXISTS=gethostbyname    CMakeFiles/cmTC_175ac.dir/CheckFunctionExists.c.o  -o cmTC_175ac -rdynamic 
make[1]: Leaving directory '/home/robin/NTRTsim/OpenSceneGraph/CMakeFiles/CMakeTmp'


Determining if the function connect exists passed with the following output:
Change Dir: /home/robin/NTRTsim/OpenSceneGraph/CMakeFiles/CMakeTmp

Run Build Command:"/usr/bin/make" "cmTC_8ec6a/fast"
/usr/bin/make -f CMakeFiles/cmTC_8ec6a.dir/build.make CMakeFiles/cmTC_8ec6a.dir/build
make[1]: Entering directory '/home/robin/NTRTsim/OpenSceneGraph/CMakeFiles/CMakeTmp'
Building C object CMakeFiles/cmTC_8ec6a.dir/CheckFunctionExists.c.o
/usr/bin/cc    -DCHECK_FUNCTION_EXISTS=connect   -o CMakeFiles/cmTC_8ec6a.dir/CheckFunctionExists.c.o   -c /usr/share/cmake-3.5/Modules/CheckFunctionExists.c
Linking C executable cmTC_8ec6a
/usr/bin/cmake -E cmake_link_script CMakeFiles/cmTC_8ec6a.dir/link.txt --verbose=1
/usr/bin/cc   -DCHECK_FUNCTION_EXISTS=connect    CMakeFiles/cmTC_8ec6a.dir/CheckFunctionExists.c.o  -o cmTC_8ec6a -rdynamic 
make[1]: Leaving directory '/home/robin/NTRTsim/OpenSceneGraph/CMakeFiles/CMakeTmp'


Determining if the function remove exists passed with the following output:
Change Dir: /home/robin/NTRTsim/OpenSceneGraph/CMakeFiles/CMakeTmp

Run Build Command:"/usr/bin/make" "cmTC_8ab7d/fast"
/usr/bin/make -f CMakeFiles/cmTC_8ab7d.dir/build.make CMakeFiles/cmTC_8ab7d.dir/build
make[1]: Entering directory '/home/robin/NTRTsim/OpenSceneGraph/CMakeFiles/CMakeTmp'
Building C object CMakeFiles/cmTC_8ab7d.dir/CheckFunctionExists.c.o
/usr/bin/cc    -DCHECK_FUNCTION_EXISTS=remove   -o CMakeFiles/cmTC_8ab7d.dir/CheckFunctionExists.c.o   -c /usr/share/cmake-3.5/Modules/CheckFunctionExists.c
Linking C executable cmTC_8ab7d
/usr/bin/cmake -E cmake_link_script CMakeFiles/cmTC_8ab7d.dir/link.txt --verbose=1
/usr/bin/cc   -DCHECK_FUNCTION_EXISTS=remove    CMakeFiles/cmTC_8ab7d.dir/CheckFunctionExists.c.o  -o cmTC_8ab7d -rdynamic 
make[1]: Leaving directory '/home/robin/NTRTsim/OpenSceneGraph/CMakeFiles/CMakeTmp'


Determining if the function shmat exists passed with the following output:
Change Dir: /home/robin/NTRTsim/OpenSceneGraph/CMakeFiles/CMakeTmp

Run Build Command:"/usr/bin/make" "cmTC_0323c/fast"
/usr/bin/make -f CMakeFiles/cmTC_0323c.dir/build.make CMakeFiles/cmTC_0323c.dir/build
make[1]: Entering directory '/home/robin/NTRTsim/OpenSceneGraph/CMakeFiles/CMakeTmp'
Building C object CMakeFiles/cmTC_0323c.dir/CheckFunctionExists.c.o
/usr/bin/cc    -DCHECK_FUNCTION_EXISTS=shmat   -o CMakeFiles/cmTC_0323c.dir/CheckFunctionExists.c.o   -c /usr/share/cmake-3.5/Modules/CheckFunctionExists.c
Linking C executable cmTC_0323c
/usr/bin/cmake -E cmake_link_script CMakeFiles/cmTC_0323c.dir/link.txt --verbose=1
/usr/bin/cc   -DCHECK_FUNCTION_EXISTS=shmat    CMakeFiles/cmTC_0323c.dir/CheckFunctionExists.c.o  -o cmTC_0323c -rdynamic 
make[1]: Leaving directory '/home/robin/NTRTsim/OpenSceneGraph/CMakeFiles/CMakeTmp'


Determining if the function IceConnectionNumber exists in the ICE passed with the following output:
Change Dir: /home/robin/NTRTsim/OpenSceneGraph/CMakeFiles/CMakeTmp

Run Build Command:"/usr/bin/make" "cmTC_d51d2/fast"
/usr/bin/make -f CMakeFiles/cmTC_d51d2.dir/build.make CMakeFiles/cmTC_d51d2.dir/build
make[1]: Entering directory '/home/robin/NTRTsim/OpenSceneGraph/CMakeFiles/CMakeTmp'
Building C object CMakeFiles/cmTC_d51d2.dir/CheckFunctionExists.c.o
/usr/bin/cc    -DCHECK_FUNCTION_EXISTS=IceConnectionNumber   -o CMakeFiles/cmTC_d51d2.dir/CheckFunctionExists.c.o   -c /usr/share/cmake-3.5/Modules/CheckFunctionExists.c
Linking C executable cmTC_d51d2
/usr/bin/cmake -E cmake_link_script CMakeFiles/cmTC_d51d2.dir/link.txt --verbose=1
/usr/bin/cc   -DCHECK_FUNCTION_EXISTS=IceConnectionNumber    CMakeFiles/cmTC_d51d2.dir/CheckFunctionExists.c.o  -o cmTC_d51d2 -rdynamic -lICE 
make[1]: Leaving directory '/home/robin/NTRTsim/OpenSceneGraph/CMakeFiles/CMakeTmp'


Performing C++ SOURCE FILE Test GL_HEADER_HAS_GLINT64 succeeded with the following output:
Change Dir: /home/robin/NTRTsim/OpenSceneGraph/CMakeFiles/CMakeTmp

Run Build Command:"/usr/bin/make" "cmTC_1d743/fast"
/usr/bin/make -f CMakeFiles/cmTC_1d743.dir/build.make CMakeFiles/cmTC_1d743.dir/build
make[1]: Entering directory '/home/robin/NTRTsim/OpenSceneGraph/CMakeFiles/CMakeTmp'
Building CXX object CMakeFiles/cmTC_1d743.dir/src.cxx.o
/usr/bin/c++     -DGL_HEADER_HAS_GLINT64   -o CMakeFiles/cmTC_1d743.dir/src.cxx.o -c /home/robin/NTRTsim/OpenSceneGraph/CMakeFiles/CMakeTmp/src.cxx
Linking CXX executable cmTC_1d743
/usr/bin/cmake -E cmake_link_script CMakeFiles/cmTC_1d743.dir/link.txt --verbose=1
/usr/bin/c++    -DGL_HEADER_HAS_GLINT64    CMakeFiles/cmTC_1d743.dir/src.cxx.o  -o cmTC_1d743 -rdynamic 
make[1]: Leaving directory '/home/robin/NTRTsim/OpenSceneGraph/CMakeFiles/CMakeTmp'

Source file was:
#include <GL/gl.h>
    
    int main() { GLint64 test; return 0; }
Performing C++ SOURCE FILE Test GL_HEADER_HAS_GLUINT64 succeeded with the following output:
Change Dir: /home/robin/NTRTsim/OpenSceneGraph/CMakeFiles/CMakeTmp

Run Build Command:"/usr/bin/make" "cmTC_4ea04/fast"
/usr/bin/make -f CMakeFiles/cmTC_4ea04.dir/build.make CMakeFiles/cmTC_4ea04.dir/build
make[1]: Entering directory '/home/robin/NTRTsim/OpenSceneGraph/CMakeFiles/CMakeTmp'
Building CXX object CMakeFiles/cmTC_4ea04.dir/src.cxx.o
/usr/bin/c++     -DGL_HEADER_HAS_GLUINT64   -o CMakeFiles/cmTC_4ea04.dir/src.cxx.o -c /home/robin/NTRTsim/OpenSceneGraph/CMakeFiles/CMakeTmp/src.cxx
Linking CXX executable cmTC_4ea04
/usr/bin/cmake -E cmake_link_script CMakeFiles/cmTC_4ea04.dir/link.txt --verbose=1
/usr/bin/c++    -DGL_HEADER_HAS_GLUINT64    CMakeFiles/cmTC_4ea04.dir/src.cxx.o  -o cmTC_4ea04 -rdynamic 
make[1]: Leaving directory '/home/robin/NTRTsim/OpenSceneGraph/CMakeFiles/CMakeTmp'

Source file was:
#include <GL/gl.h>
    
    int main() { GLuint64 test; return 0; }
Performing C++ SOURCE FILE Test _OPENTHREADS_ATOMIC_USE_GCC_BUILTINS succeeded with the following output:
Change Dir: /home/robin/NTRTsim/OpenSceneGraph/CMakeFiles/CMakeTmp

Run Build Command:"/usr/bin/make" "cmTC_f0cae/fast"
/usr/bin/make -f CMakeFiles/cmTC_f0cae.dir/build.make CMakeFiles/cmTC_f0cae.dir/build
make[1]: Entering directory '/home/robin/NTRTsim/OpenSceneGraph/CMakeFiles/CMakeTmp'
Building CXX object CMakeFiles/cmTC_f0cae.dir/src.cxx.o
/usr/bin/c++     -Wall -Wparentheses -Wno-long-long -Wno-import -pedantic -Wreturn-type -Wmissing-braces -Wunknown-pragmas -Wunused -Wmaybe-uninitialized -Wextra -Wshadow -D_OPENTHREADS_ATOMIC_USE_GCC_BUILTINS   -o CMakeFiles/cmTC_f0cae.dir/src.cxx.o -c /home/robin/NTRTsim/OpenSceneGraph/CMakeFiles/CMakeTmp/src.cxx
Linking CXX executable cmTC_f0cae
/usr/bin/cmake -E cmake_link_script CMakeFiles/cmTC_f0cae.dir/link.txt --verbose=1
/usr/bin/c++    -Wall -Wparentheses -Wno-long-long -Wno-import -pedantic -Wreturn-type -Wmissing-braces -Wunknown-pragmas -Wunused -Wmaybe-uninitialized -Wextra -Wshadow -D_OPENTHREADS_ATOMIC_USE_GCC_BUILTINS    CMakeFiles/cmTC_f0cae.dir/src.cxx.o  -o cmTC_f0cae -rdynamic 
make[1]: Leaving directory '/home/robin/NTRTsim/OpenSceneGraph/CMakeFiles/CMakeTmp'

Return value: 1
Source file was:

       #include <cstdlib>

       int main()
       {
          unsigned value = 0;
          void* ptr = &value;
          __sync_add_and_fetch(&value, 1);
          __sync_synchronize();
          __sync_sub_and_fetch(&value, 1);
          if (!__sync_bool_compare_and_swap(&value, 0, 1))
             return EXIT_FAILURE;

          if (!__sync_bool_compare_and_swap(&ptr, ptr, ptr))
             return EXIT_FAILURE;

          return EXIT_SUCCESS;
       }
       
Determining if the function pthread_yield exists passed with the following output:
Change Dir: /home/robin/NTRTsim/OpenSceneGraph/CMakeFiles/CMakeTmp

Run Build Command:"/usr/bin/make" "cmTC_b1862/fast"
/usr/bin/make -f CMakeFiles/cmTC_b1862.dir/build.make CMakeFiles/cmTC_b1862.dir/build
make[1]: Entering directory '/home/robin/NTRTsim/OpenSceneGraph/CMakeFiles/CMakeTmp'
Building C object CMakeFiles/cmTC_b1862.dir/CheckFunctionExists.c.o
/usr/bin/cc    -DCHECK_FUNCTION_EXISTS=pthread_yield   -o CMakeFiles/cmTC_b1862.dir/CheckFunctionExists.c.o   -c /usr/share/cmake-3.5/Modules/CheckFunctionExists.c
Linking C executable cmTC_b1862
/usr/bin/cmake -E cmake_link_script CMakeFiles/cmTC_b1862.dir/link.txt --verbose=1
/usr/bin/cc   -DCHECK_FUNCTION_EXISTS=pthread_yield    CMakeFiles/cmTC_b1862.dir/CheckFunctionExists.c.o  -o cmTC_b1862 -rdynamic -lpthread 
make[1]: Leaving directory '/home/robin/NTRTsim/OpenSceneGraph/CMakeFiles/CMakeTmp'


Determining if the function pthread_setconcurrency exists passed with the following output:
Change Dir: /home/robin/NTRTsim/OpenSceneGraph/CMakeFiles/CMakeTmp

Run Build Command:"/usr/bin/make" "cmTC_7d73a/fast"
/usr/bin/make -f CMakeFiles/cmTC_7d73a.dir/build.make CMakeFiles/cmTC_7d73a.dir/build
make[1]: Entering directory '/home/robin/NTRTsim/OpenSceneGraph/CMakeFiles/CMakeTmp'
Building C object CMakeFiles/cmTC_7d73a.dir/CheckFunctionExists.c.o
/usr/bin/cc  -D_GNU_SOURCE  -DCHECK_FUNCTION_EXISTS=pthread_setconcurrency   -o CMakeFiles/cmTC_7d73a.dir/CheckFunctionExists.c.o   -c /usr/share/cmake-3.5/Modules/CheckFunctionExists.c
Linking C executable cmTC_7d73a
/usr/bin/cmake -E cmake_link_script CMakeFiles/cmTC_7d73a.dir/link.txt --verbose=1
/usr/bin/cc   -DCHECK_FUNCTION_EXISTS=pthread_setconcurrency    CMakeFiles/cmTC_7d73a.dir/CheckFunctionExists.c.o  -o cmTC_7d73a -rdynamic -lpthread 
make[1]: Leaving directory '/home/robin/NTRTsim/OpenSceneGraph/CMakeFiles/CMakeTmp'


Determining if the function pthread_getconcurrency exists passed with the following output:
Change Dir: /home/robin/NTRTsim/OpenSceneGraph/CMakeFiles/CMakeTmp

Run Build Command:"/usr/bin/make" "cmTC_250c5/fast"
/usr/bin/make -f CMakeFiles/cmTC_250c5.dir/build.make CMakeFiles/cmTC_250c5.dir/build
make[1]: Entering directory '/home/robin/NTRTsim/OpenSceneGraph/CMakeFiles/CMakeTmp'
Building C object CMakeFiles/cmTC_250c5.dir/CheckFunctionExists.c.o
/usr/bin/cc  -D_GNU_SOURCE  -DCHECK_FUNCTION_EXISTS=pthread_getconcurrency   -o CMakeFiles/cmTC_250c5.dir/CheckFunctionExists.c.o   -c /usr/share/cmake-3.5/Modules/CheckFunctionExists.c
Linking C executable cmTC_250c5
/usr/bin/cmake -E cmake_link_script CMakeFiles/cmTC_250c5.dir/link.txt --verbose=1
/usr/bin/cc   -DCHECK_FUNCTION_EXISTS=pthread_getconcurrency    CMakeFiles/cmTC_250c5.dir/CheckFunctionExists.c.o  -o cmTC_250c5 -rdynamic -lpthread 
make[1]: Leaving directory '/home/robin/NTRTsim/OpenSceneGraph/CMakeFiles/CMakeTmp'


Determining if the function pthread_setaffinity_np exists passed with the following output:
Change Dir: /home/robin/NTRTsim/OpenSceneGraph/CMakeFiles/CMakeTmp

Run Build Command:"/usr/bin/make" "cmTC_2c41d/fast"
/usr/bin/make -f CMakeFiles/cmTC_2c41d.dir/build.make CMakeFiles/cmTC_2c41d.dir/build
make[1]: Entering directory '/home/robin/NTRTsim/OpenSceneGraph/CMakeFiles/CMakeTmp'
Building C object CMakeFiles/cmTC_2c41d.dir/CheckFunctionExists.c.o
/usr/bin/cc  -D_GNU_SOURCE  -DCHECK_FUNCTION_EXISTS=pthread_setaffinity_np   -o CMakeFiles/cmTC_2c41d.dir/CheckFunctionExists.c.o   -c /usr/share/cmake-3.5/Modules/CheckFunctionExists.c
Linking C executable cmTC_2c41d
/usr/bin/cmake -E cmake_link_script CMakeFiles/cmTC_2c41d.dir/link.txt --verbose=1
/usr/bin/cc   -DCHECK_FUNCTION_EXISTS=pthread_setaffinity_np    CMakeFiles/cmTC_2c41d.dir/CheckFunctionExists.c.o  -o cmTC_2c41d -rdynamic -lpthread 
make[1]: Leaving directory '/home/robin/NTRTsim/OpenSceneGraph/CMakeFiles/CMakeTmp'


Performing C++ SOURCE FILE Test COMPILES_PTHREAD_SETAFFINITY_NP succeeded with the following output:
Change Dir: /home/robin/NTRTsim/OpenSceneGraph/CMakeFiles/CMakeTmp

Run Build Command:"/usr/bin/make" "cmTC_67082/fast"
/usr/bin/make -f CMakeFiles/cmTC_67082.dir/build.make CMakeFiles/cmTC_67082.dir/build
make[1]: Entering directory '/home/robin/NTRTsim/OpenSceneGraph/CMakeFiles/CMakeTmp'
Building CXX object CMakeFiles/cmTC_67082.dir/src.cxx.o
/usr/bin/c++   -D_GNU_SOURCE  -Wall -Wparentheses -Wno-long-long -Wno-import -pedantic -Wreturn-type -Wmissing-braces -Wunknown-pragmas -Wunused -Wmaybe-uninitialized  -Wshadow -DCOMPILES_PTHREAD_SETAFFINITY_NP   -o CMakeFiles/cmTC_67082.dir/src.cxx.o -c /home/robin/NTRTsim/OpenSceneGraph/CMakeFiles/CMakeTmp/src.cxx
Linking CXX executable cmTC_67082
/usr/bin/cmake -E cmake_link_script CMakeFiles/cmTC_67082.dir/link.txt --verbose=1
/usr/bin/c++    -Wall -Wparentheses -Wno-long-long -Wno-import -pedantic -Wreturn-type -Wmissing-braces -Wunknown-pragmas -Wunused -Wmaybe-uninitialized  -Wshadow -DCOMPILES_PTHREAD_SETAFFINITY_NP    CMakeFiles/cmTC_67082.dir/src.cxx.o  -o cmTC_67082 -rdynamic -lpthread 
make[1]: Leaving directory '/home/robin/NTRTsim/OpenSceneGraph/CMakeFiles/CMakeTmp'

Source file was:

            #include <pthread.h>
            int main() {
            cpu_set_t cpumask;
            CPU_ZERO( &cpumask );
            CPU_SET( 0, &cpumask );
            pthread_setaffinity_np( pthread_self(), sizeof(cpumask), &cpumask);
            return 0;
            }
Determining if the function gethostbyname exists in the nsl passed with the following output:
Change Dir: /home/robin/NTRTsim/OpenSceneGraph/CMakeFiles/CMakeTmp

Run Build Command:"/usr/bin/make" "cmTC_81cfb/fast"
/usr/bin/make -f CMakeFiles/cmTC_81cfb.dir/build.make CMakeFiles/cmTC_81cfb.dir/build
make[1]: Entering directory '/home/robin/NTRTsim/OpenSceneGraph/CMakeFiles/CMakeTmp'
Building C object CMakeFiles/cmTC_81cfb.dir/CheckFunctionExists.c.o
/usr/bin/cc    -DCHECK_FUNCTION_EXISTS=gethostbyname   -o CMakeFiles/cmTC_81cfb.dir/CheckFunctionExists.c.o   -c /usr/share/cmake-3.5/Modules/CheckFunctionExists.c
Linking C executable cmTC_81cfb
/usr/bin/cmake -E cmake_link_script CMakeFiles/cmTC_81cfb.dir/link.txt --verbose=1
/usr/bin/cc   -DCHECK_FUNCTION_EXISTS=gethostbyname    CMakeFiles/cmTC_81cfb.dir/CheckFunctionExists.c.o  -o cmTC_81cfb -rdynamic -lnsl 
make[1]: Leaving directory '/home/robin/NTRTsim/OpenSceneGraph/CMakeFiles/CMakeTmp'


